#! /c/Source/iverilog-install/bin/vvp
:ivl_version "12.0 (devel)" "(s20150603-1539-g2693dd32b)";
:ivl_delay_selection "TYPICAL";
:vpi_time_precision - 9;
:vpi_module "C:\iverilog\lib\ivl\system.vpi";
:vpi_module "C:\iverilog\lib\ivl\vhdl_sys.vpi";
:vpi_module "C:\iverilog\lib\ivl\vhdl_textio.vpi";
:vpi_module "C:\iverilog\lib\ivl\v2005_math.vpi";
:vpi_module "C:\iverilog\lib\ivl\va_math.vpi";
S_000001dcdcc4bd80 .scope module, "multiplier_tb" "multiplier_tb" 2 4;
 .timescale -8 -9;
v000001dcdcb84630_0 .var "A", 31 0;
v000001dcdcb841d0_0 .var "B", 31 0;
v000001dcdcb84090_0 .var "control", 0 0;
v000001dcdcb84270_0 .net "exception", 0 0, v000001dcdcb17a50_0;  1 drivers
v000001dcdcb843b0_0 .net "out", 31 0, v000001dcdcb17e10_0;  1 drivers
v000001dcdcb83eb0_0 .var "reset", 0 0;
S_000001dcdcb2dc60 .scope module, "uut" "multiplier" 2 11, 3 1 0, S_000001dcdcc4bd80;
 .timescale -8 -9;
    .port_info 0 /INPUT 32 "A";
    .port_info 1 /INPUT 32 "B";
    .port_info 2 /INPUT 1 "control";
    .port_info 3 /INPUT 1 "reset";
    .port_info 4 /OUTPUT 32 "out";
    .port_info 5 /OUTPUT 1 "exception";
v000001dcdcb17870_0 .net "A", 31 0, v000001dcdcb84630_0;  1 drivers
v000001dcdcb17910_0 .net "B", 31 0, v000001dcdcb841d0_0;  1 drivers
v000001dcdcb179b0_0 .net "control", 0 0, v000001dcdcb84090_0;  1 drivers
v000001dcdcb17a50_0 .var "exception", 0 0;
v000001dcdcb17af0_0 .var "exp_A", 7 0;
v000001dcdcb17b90_0 .var "exp_B", 7 0;
v000001dcdcb17c30_0 .var "exp_out", 7 0;
v000001dcdcb17cd0_0 .var "mant_A", 23 0;
v000001dcdcb17d70_0 .var "mant_B", 23 0;
v000001dcdcb17e10_0 .var "out", 31 0;
v000001dcdcb846d0_0 .var "product", 47 0;
v000001dcdcb839b0_0 .net "reset", 0 0, v000001dcdcb83eb0_0;  1 drivers
v000001dcdcb83e10_0 .var "sign_A", 0 0;
v000001dcdcb83d70_0 .var "sign_B", 0 0;
v000001dcdcb84450_0 .var "sign_out", 0 0;
E_000001dcdcc4b4d0 .event posedge, v000001dcdcb839b0_0, v000001dcdcb179b0_0;
S_000001dcdcb2ddf0 .scope function.vec4.s48, "booth_multiply" "booth_multiply" 3 14, 3 14 0, S_000001dcdcb2dc60;
 .timescale -8 -9;
v000001dcdcc47300_0 .var "P", 47 0;
; Variable booth_multiply is vec4 return value of scope S_000001dcdcb2ddf0
v000001dcdcc4bf10_0 .var/i "i", 31 0;
v000001dcdcb2df80_0 .var "m1", 23 0;
v000001dcdcb2e020_0 .var "m2", 23 0;
TD_multiplier_tb.uut.booth_multiply ;
    %pushi/vec4 0, 0, 48;
    %store/vec4 v000001dcdcc47300_0, 0, 48;
    %pushi/vec4 0, 0, 32;
    %store/vec4 v000001dcdcc4bf10_0, 0, 32;
T_0.0 ;
    %load/vec4 v000001dcdcc4bf10_0;
    %cmpi/s 24, 0, 32;
    %jmp/0xz T_0.1, 5;
    %load/vec4 v000001dcdcb2e020_0;
    %load/vec4 v000001dcdcc4bf10_0;
    %part/s 1;
    %flag_set/vec4 8;
    %jmp/0xz  T_0.2, 8;
    %load/vec4 v000001dcdcc47300_0;
    %load/vec4 v000001dcdcb2df80_0;
    %pad/u 48;
    %load/vec4 v000001dcdcc4bf10_0;
    %ix/vec4 4;
    %shiftl 4;
    %add;
    %store/vec4 v000001dcdcc47300_0, 0, 48;
T_0.2 ;
    %load/vec4 v000001dcdcc4bf10_0;
    %addi 1, 0, 32;
    %store/vec4 v000001dcdcc4bf10_0, 0, 32;
    %jmp T_0.0;
T_0.1 ;
    %load/vec4 v000001dcdcc47300_0;
    %ret/vec4 0, 0, 48;  Assign to booth_multiply (store_vec4_to_lval)
    %end;
    .scope S_000001dcdcb2dc60;
T_1 ;
    %wait E_000001dcdcc4b4d0;
    %load/vec4 v000001dcdcb839b0_0;
    %flag_set/vec4 8;
    %jmp/0xz  T_1.0, 8;
    %pushi/vec4 0, 0, 32;
    %assign/vec4 v000001dcdcb17e10_0, 0;
    %pushi/vec4 0, 0, 1;
    %assign/vec4 v000001dcdcb17a50_0, 0;
    %jmp T_1.1;
T_1.0 ;
    %load/vec4 v000001dcdcb17870_0;
    %parti/s 1, 31, 6;
    %store/vec4 v000001dcdcb83e10_0, 0, 1;
    %load/vec4 v000001dcdcb17910_0;
    %parti/s 1, 31, 6;
    %store/vec4 v000001dcdcb83d70_0, 0, 1;
    %load/vec4 v000001dcdcb17870_0;
    %parti/s 8, 23, 6;
    %store/vec4 v000001dcdcb17af0_0, 0, 8;
    %load/vec4 v000001dcdcb17910_0;
    %parti/s 8, 23, 6;
    %store/vec4 v000001dcdcb17b90_0, 0, 8;
    %pushi/vec4 1, 0, 1;
    %load/vec4 v000001dcdcb17870_0;
    %parti/s 23, 0, 2;
    %concat/vec4; draw_concat_vec4
    %store/vec4 v000001dcdcb17cd0_0, 0, 24;
    %pushi/vec4 1, 0, 1;
    %load/vec4 v000001dcdcb17910_0;
    %parti/s 23, 0, 2;
    %concat/vec4; draw_concat_vec4
    %store/vec4 v000001dcdcb17d70_0, 0, 24;
    %load/vec4 v000001dcdcb83e10_0;
    %load/vec4 v000001dcdcb83d70_0;
    %xor;
    %store/vec4 v000001dcdcb84450_0, 0, 1;
    %load/vec4 v000001dcdcb17af0_0;
    %load/vec4 v000001dcdcb17b90_0;
    %add;
    %subi 127, 0, 8;
    %store/vec4 v000001dcdcb17c30_0, 0, 8;
    %load/vec4 v000001dcdcb17cd0_0;
    %load/vec4 v000001dcdcb17d70_0;
    %store/vec4 v000001dcdcb2e020_0, 0, 24;
    %store/vec4 v000001dcdcb2df80_0, 0, 24;
    %callf/vec4 TD_multiplier_tb.uut.booth_multiply, S_000001dcdcb2ddf0;
    %store/vec4 v000001dcdcb846d0_0, 0, 48;
    %load/vec4 v000001dcdcb846d0_0;
    %parti/s 1, 47, 7;
    %flag_set/vec4 8;
    %jmp/0xz  T_1.2, 8;
    %load/vec4 v000001dcdcb846d0_0;
    %parti/s 23, 24, 6;
    %ix/load 4, 0, 0;
    %flag_set/imm 4, 0;
    %store/vec4 v000001dcdcb17e10_0, 4, 23;
    %load/vec4 v000001dcdcb17c30_0;
    %addi 1, 0, 8;
    %store/vec4 v000001dcdcb17c30_0, 0, 8;
    %jmp T_1.3;
T_1.2 ;
    %load/vec4 v000001dcdcb846d0_0;
    %parti/s 23, 23, 6;
    %ix/load 4, 0, 0;
    %flag_set/imm 4, 0;
    %store/vec4 v000001dcdcb17e10_0, 4, 23;
T_1.3 ;
    %load/vec4 v000001dcdcb84450_0;
    %ix/load 4, 31, 0;
    %flag_set/imm 4, 0;
    %store/vec4 v000001dcdcb17e10_0, 4, 1;
    %load/vec4 v000001dcdcb17c30_0;
    %ix/load 4, 23, 0;
    %flag_set/imm 4, 0;
    %store/vec4 v000001dcdcb17e10_0, 4, 8;
    %load/vec4 v000001dcdcb17c30_0;
    %pad/u 32;
    %cmpi/u 255, 0, 32;
    %flag_inv 5; GE is !LT
    %flag_mov 8, 5;
    %jmp/0 T_1.4, 8;
    %pushi/vec4 1, 0, 2;
    %jmp/1 T_1.5, 8;
T_1.4 ; End of true expr.
    %pushi/vec4 0, 0, 2;
    %jmp/0 T_1.5, 8;
 ; End of false expr.
    %blend;
T_1.5;
    %pad/s 1;
    %store/vec4 v000001dcdcb17a50_0, 0, 1;
T_1.1 ;
    %jmp T_1;
    .thread T_1;
    .scope S_000001dcdcc4bd80;
T_2 ;
    %pushi/vec4 0, 0, 1;
    %store/vec4 v000001dcdcb84090_0, 0, 1;
T_2.0 ;
    %delay 100, 0;
    %load/vec4 v000001dcdcb84090_0;
    %inv;
    %store/vec4 v000001dcdcb84090_0, 0, 1;
    %jmp T_2.0;
    %end;
    .thread T_2;
    .scope S_000001dcdcc4bd80;
T_3 ;
    %vpi_call 2 28 "$dumpfile", "multiplier_tb.vcd" {0 0 0};
    %vpi_call 2 29 "$dumpvars", 32'sb00000000000000000000000000000000, S_000001dcdcc4bd80 {0 0 0};
    %pushi/vec4 1, 0, 1;
    %store/vec4 v000001dcdcb83eb0_0, 0, 1;
    %delay 50, 0;
    %pushi/vec4 0, 0, 1;
    %store/vec4 v000001dcdcb83eb0_0, 0, 1;
    %delay 100, 0;
    %pushi/vec4 1070845238, 0, 32;
    %store/vec4 v000001dcdcb84630_0, 0, 32;
    %pushi/vec4 1067337457, 0, 32;
    %store/vec4 v000001dcdcb841d0_0, 0, 32;
    %delay 200, 0;
    %pushi/vec4 1048576000, 0, 32;
    %store/vec4 v000001dcdcb84630_0, 0, 32;
    %pushi/vec4 1073741824, 0, 32;
    %store/vec4 v000001dcdcb841d0_0, 0, 32;
    %delay 200, 0;
    %pushi/vec4 1067450368, 0, 32;
    %store/vec4 v000001dcdcb84630_0, 0, 32;
    %pushi/vec4 1082130432, 0, 32;
    %store/vec4 v000001dcdcb841d0_0, 0, 32;
    %delay 200, 0;
    %pushi/vec4 1082130432, 0, 32;
    %store/vec4 v000001dcdcb84630_0, 0, 32;
    %pushi/vec4 1067450368, 0, 32;
    %store/vec4 v000001dcdcb841d0_0, 0, 32;
    %delay 200, 0;
    %pushi/vec4 2139095040, 0, 32;
    %store/vec4 v000001dcdcb84630_0, 0, 32;
    %pushi/vec4 1067337457, 0, 32;
    %store/vec4 v000001dcdcb841d0_0, 0, 32;
    %delay 200, 0;
    %pushi/vec4 1073741824, 0, 32;
    %store/vec4 v000001dcdcb84630_0, 0, 32;
    %pushi/vec4 1077936128, 0, 32;
    %store/vec4 v000001dcdcb841d0_0, 0, 32;
    %delay 200, 0;
    %pushi/vec4 1065353216, 0, 32;
    %store/vec4 v000001dcdcb84630_0, 0, 32;
    %pushi/vec4 1065353216, 0, 32;
    %store/vec4 v000001dcdcb841d0_0, 0, 32;
    %delay 200, 0;
    %vpi_call 2 66 "$finish" {0 0 0};
    %end;
    .thread T_3;
    .scope S_000001dcdcc4bd80;
T_4 ;
    %vpi_call 2 71 "$monitor", "Time: %0t | A: %h | B: %h | Out: %h | Exception: %b", $time, v000001dcdcb84630_0, v000001dcdcb841d0_0, v000001dcdcb843b0_0, v000001dcdcb84270_0 {0 0 0};
    %end;
    .thread T_4;
# The file index is used to find the file name in the following table.
:file_names 4;
    "N/A";
    "<interactive>";
    "multiplier_tb.v";
    "./multiplier.v";
