#! /c/Source/iverilog-install/bin/vvp
:ivl_version "12.0 (devel)" "(s20150603-1539-g2693dd32b)";
:ivl_delay_selection "TYPICAL";
:vpi_time_precision - 12;
:vpi_module "C:\iverilog\lib\ivl\system.vpi";
:vpi_module "C:\iverilog\lib\ivl\vhdl_sys.vpi";
:vpi_module "C:\iverilog\lib\ivl\vhdl_textio.vpi";
:vpi_module "C:\iverilog\lib\ivl\v2005_math.vpi";
:vpi_module "C:\iverilog\lib\ivl\va_math.vpi";
S_000002598b46c1f0 .scope module, "ALU_top_tb" "ALU_top_tb" 2 9;
 .timescale -9 -12;
v000002598b4fd5a0_0 .var "clk", 0 0;
v000002598b4fdb40_0 .var "control", 0 0;
v000002598b4fc100_0 .net "exception", 0 0, v000002598b4fd000_0;  1 drivers
v000002598b4fcc40_0 .var "loadData", 0 0;
v000002598b4fcec0_0 .var "reset", 0 0;
v000002598b4fc560_0 .var "select", 1 0;
v000002598b4fdbe0_0 .net "zeroDiv", 0 0, v000002598b4fd320_0;  1 drivers
S_000002598b3e0910 .scope module, "uut" "ALU_top" 2 34, 3 1 0, S_000002598b46c1f0;
 .timescale -9 -12;
    .port_info 0 /INPUT 1 "clk";
    .port_info 1 /INPUT 1 "loadData";
    .port_info 2 /INPUT 1 "control";
    .port_info 3 /INPUT 1 "reset";
    .port_info 4 /INPUT 2 "select";
    .port_info 5 /OUTPUT 7 "digit7";
    .port_info 6 /OUTPUT 7 "digit6";
    .port_info 7 /OUTPUT 7 "digit5";
    .port_info 8 /OUTPUT 7 "digit4";
    .port_info 9 /OUTPUT 7 "digit3";
    .port_info 10 /OUTPUT 7 "digit2";
    .port_info 11 /OUTPUT 7 "digit1";
    .port_info 12 /OUTPUT 7 "digit0";
    .port_info 13 /OUTPUT 1 "exception";
    .port_info 14 /OUTPUT 1 "zeroDiv";
v000002598b48d5f0_0 .net "A_wire", 31 0, v000002598b48df50_0;  1 drivers
v000002598b48dc30_0 .net "B_wire", 31 0, v000002598b48dcd0_0;  1 drivers
v000002598b48d7d0_0 .net "add_sub_exception", 0 0, v000002598b465900_0;  1 drivers
v000002598b48d9b0_0 .net "add_sub_out", 31 0, v000002598b48c9a0_0;  1 drivers
v000002598b4fd1e0_0 .var "addsub_signal", 0 0;
v000002598b4fd8c0_0 .net "clk", 0 0, v000002598b4fd5a0_0;  1 drivers
v000002598b4fddc0_0 .net "control", 0 0, v000002598b4fdb40_0;  1 drivers
v000002598b4fc4c0_0 .net "digit0", 6 0, v000002598b48e6d0_0;  1 drivers
v000002598b4fc1a0_0 .net "digit1", 6 0, v000002598b48e770_0;  1 drivers
v000002598b4fcba0_0 .net "digit2", 6 0, v000002598b48d730_0;  1 drivers
v000002598b4fc600_0 .net "digit3", 6 0, v000002598b48ec70_0;  1 drivers
v000002598b4fd3c0_0 .net "digit4", 6 0, v000002598b48e9f0_0;  1 drivers
v000002598b4fd0a0_0 .net "digit5", 6 0, v000002598b48e310_0;  1 drivers
v000002598b4fd140_0 .net "digit6", 6 0, v000002598b48ee50_0;  1 drivers
v000002598b4fc240_0 .net "digit7", 6 0, v000002598b48d050_0;  1 drivers
v000002598b4fc740_0 .net "div_exception", 0 0, v000002598b48cea0_0;  1 drivers
v000002598b4fd820_0 .net "div_out", 31 0, v000002598b48c540_0;  1 drivers
v000002598b4fd280_0 .net "div_zeroDiv", 0 0, v000002598b48d230_0;  1 drivers
v000002598b4fd000_0 .var "exception", 0 0;
v000002598b4fc880_0 .net "loadData", 0 0, v000002598b4fcc40_0;  1 drivers
v000002598b4fd780_0 .net "mul_exception", 0 0, v000002598b48eb30_0;  1 drivers
v000002598b4fde60_0 .net "mul_out", 31 0, v000002598b48da50_0;  1 drivers
v000002598b4fdaa0_0 .net "reset", 0 0, v000002598b4fcec0_0;  1 drivers
v000002598b4fdf00_0 .var "result", 31 0;
v000002598b4fdfa0_0 .net "select", 1 0, v000002598b4fc560_0;  1 drivers
v000002598b4fd320_0 .var "zeroDiv", 0 0;
E_000002598b452460 .event posedge, v000002598b48ca40_0, v000002598b48deb0_0;
S_000002598b3e0aa0 .scope module, "add_sub_inst" "add_sub" 3 34, 4 1 0, S_000002598b3e0910;
 .timescale -9 -12;
    .port_info 0 /INPUT 32 "A";
    .port_info 1 /INPUT 32 "B";
    .port_info 2 /INPUT 1 "control";
    .port_info 3 /INPUT 1 "reset";
    .port_info 4 /INPUT 1 "addsub";
    .port_info 5 /OUTPUT 32 "out";
    .port_info 6 /OUTPUT 1 "exception";
v000002598b3a2f30_0 .net "A", 31 0, v000002598b48df50_0;  alias, 1 drivers
v000002598b3d45b0_0 .net "B", 31 0, v000002598b48dcd0_0;  alias, 1 drivers
v000002598b3d4750_0 .net "addsub", 0 0, v000002598b4fd1e0_0;  1 drivers
v000002598b465860_0 .net "control", 0 0, v000002598b4fdb40_0;  alias, 1 drivers
v000002598b465900_0 .var "exception", 0 0;
v000002598b3e0c30_0 .var "expA", 7 0;
v000002598b3e0cd0_0 .var "expB", 7 0;
v000002598b3fae60_0 .var "expDiff", 7 0;
v000002598b3faf00_0 .var "expOut", 7 0;
v000002598b3fafa0_0 .var/i "i", 31 0;
v000002598b3fb040_0 .var "mantA", 24 0;
v000002598b48c720_0 .var "mantB", 24 0;
v000002598b48c0e0_0 .var "mantOut", 24 0;
v000002598b48c9a0_0 .var "out", 31 0;
v000002598b48ca40_0 .net "reset", 0 0, v000002598b4fcec0_0;  alias, 1 drivers
v000002598b48cc20_0 .var "signA", 0 0;
v000002598b48cae0_0 .var "signB", 0 0;
v000002598b48c900_0 .var "signOut", 0 0;
E_000002598b455720 .event posedge, v000002598b48ca40_0, v000002598b465860_0;
S_000002598b3ed510 .scope module, "div_inst" "divider" 3 55, 5 1 0, S_000002598b3e0910;
 .timescale -9 -12;
    .port_info 0 /INPUT 32 "DD";
    .port_info 1 /INPUT 32 "DS";
    .port_info 2 /INPUT 1 "control";
    .port_info 3 /INPUT 1 "reset";
    .port_info 4 /OUTPUT 32 "out";
    .port_info 5 /OUTPUT 1 "exception";
    .port_info 6 /OUTPUT 1 "zeroDiv";
v000002598b48ce00_0 .net "DD", 31 0, v000002598b48df50_0;  alias, 1 drivers
v000002598b48c4a0_0 .net "DS", 31 0, v000002598b48dcd0_0;  alias, 1 drivers
v000002598b48c400_0 .net "control", 0 0, v000002598b4fdb40_0;  alias, 1 drivers
v000002598b48cea0_0 .var "exception", 0 0;
v000002598b48bfa0_0 .var "exp_DD", 7 0;
v000002598b48c220_0 .var "exp_DS", 7 0;
v000002598b48c040_0 .var "exp_out", 7 0;
v000002598b48c180_0 .var/i "i", 31 0;
v000002598b48c2c0_0 .var "mant_DD", 23 0;
v000002598b48c360_0 .var "mant_DS", 23 0;
v000002598b48c540_0 .var "out", 31 0;
v000002598b48c680_0 .var "quotient", 23 0;
v000002598b48edb0_0 .net "reset", 0 0, v000002598b4fcec0_0;  alias, 1 drivers
v000002598b48e950_0 .var "sign", 0 0;
v000002598b48d230_0 .var "zeroDiv", 0 0;
S_000002598b3ed6a0 .scope function.vec4.s24, "NRDivisor" "NRDivisor" 5 19, 5 19 0, S_000002598b3ed510;
 .timescale -9 -12;
v000002598b48c5e0_0 .var "D1", 23 0;
v000002598b48c7c0_0 .var "D2", 23 0;
; Variable NRDivisor is vec4 return value of scope S_000002598b3ed6a0
v000002598b48c860_0 .var/i "i", 31 0;
v000002598b48ccc0_0 .var "temp_quotient", 23 0;
v000002598b48cd60_0 .var "temp_remainder", 23 0;
TD_ALU_top_tb.uut.div_inst.NRDivisor ;
    %pushi/vec4 0, 0, 24;
    %store/vec4 v000002598b48ccc0_0, 0, 24;
    %pushi/vec4 0, 0, 24;
    %store/vec4 v000002598b48cd60_0, 0, 24;
    %pushi/vec4 23, 0, 32;
    %store/vec4 v000002598b48c860_0, 0, 32;
T_0.0 ;
    %load/vec4 v000002598b48c860_0;
    %cmpi/s 0, 0, 32;
    %flag_inv 5; GE is !LT
    %jmp/0xz T_0.1, 5;
    %load/vec4 v000002598b48cd60_0;
    %ix/load 4, 1, 0;
    %flag_set/imm 4, 0;
    %shiftl 4;
    %load/vec4 v000002598b48c5e0_0;
    %load/vec4 v000002598b48c860_0;
    %part/s 1;
    %pad/u 24;
    %or;
    %store/vec4 v000002598b48cd60_0, 0, 24;
    %load/vec4 v000002598b48c7c0_0;
    %load/vec4 v000002598b48cd60_0;
    %cmp/u;
    %flag_or 5, 4;
    %jmp/0xz  T_0.2, 5;
    %load/vec4 v000002598b48cd60_0;
    %load/vec4 v000002598b48c7c0_0;
    %sub;
    %store/vec4 v000002598b48cd60_0, 0, 24;
    %load/vec4 v000002598b48ccc0_0;
    %pushi/vec4 1, 0, 24;
    %load/vec4 v000002598b48c860_0;
    %ix/vec4 4;
    %shiftl 4;
    %or;
    %store/vec4 v000002598b48ccc0_0, 0, 24;
T_0.2 ;
    %load/vec4 v000002598b48c860_0;
    %subi 1, 0, 32;
    %store/vec4 v000002598b48c860_0, 0, 32;
    %jmp T_0.0;
T_0.1 ;
    %load/vec4 v000002598b48ccc0_0;
    %ret/vec4 0, 0, 24;  Assign to NRDivisor (store_vec4_to_lval)
    %end;
S_000002598b416f90 .scope module, "hex_display_inst" "HexDisplay" 3 103, 6 1 0, S_000002598b3e0910;
 .timescale -9 -12;
    .port_info 0 /INPUT 1 "clk";
    .port_info 1 /INPUT 1 "reset";
    .port_info 2 /INPUT 32 "number";
    .port_info 3 /OUTPUT 7 "digit7";
    .port_info 4 /OUTPUT 7 "digit6";
    .port_info 5 /OUTPUT 7 "digit5";
    .port_info 6 /OUTPUT 7 "digit4";
    .port_info 7 /OUTPUT 7 "digit3";
    .port_info 8 /OUTPUT 7 "digit2";
    .port_info 9 /OUTPUT 7 "digit1";
    .port_info 10 /OUTPUT 7 "digit0";
    .port_info 11 /OUTPUT 32 "debug_number";
v000002598b48deb0_0 .net "clk", 0 0, v000002598b4fd5a0_0;  alias, 1 drivers
v000002598b48e3b0_0 .var "debug_number", 31 0;
v000002598b48e6d0_0 .var "digit0", 6 0;
v000002598b48e770_0 .var "digit1", 6 0;
v000002598b48d730_0 .var "digit2", 6 0;
v000002598b48ec70_0 .var "digit3", 6 0;
v000002598b48e9f0_0 .var "digit4", 6 0;
v000002598b48e310_0 .var "digit5", 6 0;
v000002598b48ee50_0 .var "digit6", 6 0;
v000002598b48d050_0 .var "digit7", 6 0;
v000002598b48e450_0 .net "number", 31 0, v000002598b4fdf00_0;  1 drivers
v000002598b48e810_0 .net "reset", 0 0, v000002598b4fcec0_0;  alias, 1 drivers
E_000002598b455460 .event anyedge, v000002598b48ca40_0, v000002598b48e450_0;
S_000002598b417120 .scope function.vec4.s7, "hex_to_segments" "hex_to_segments" 6 17, 6 17 0, S_000002598b416f90;
 .timescale -9 -12;
v000002598b48e270_0 .var "hex", 3 0;
; Variable hex_to_segments is vec4 return value of scope S_000002598b417120
TD_ALU_top_tb.uut.hex_display_inst.hex_to_segments ;
    %load/vec4 v000002598b48e270_0;
    %dup/vec4;
    %pushi/vec4 0, 0, 4;
    %cmp/u;
    %jmp/1 T_1.4, 6;
    %dup/vec4;
    %pushi/vec4 1, 0, 4;
    %cmp/u;
    %jmp/1 T_1.5, 6;
    %dup/vec4;
    %pushi/vec4 2, 0, 4;
    %cmp/u;
    %jmp/1 T_1.6, 6;
    %dup/vec4;
    %pushi/vec4 3, 0, 4;
    %cmp/u;
    %jmp/1 T_1.7, 6;
    %dup/vec4;
    %pushi/vec4 4, 0, 4;
    %cmp/u;
    %jmp/1 T_1.8, 6;
    %dup/vec4;
    %pushi/vec4 5, 0, 4;
    %cmp/u;
    %jmp/1 T_1.9, 6;
    %dup/vec4;
    %pushi/vec4 6, 0, 4;
    %cmp/u;
    %jmp/1 T_1.10, 6;
    %dup/vec4;
    %pushi/vec4 7, 0, 4;
    %cmp/u;
    %jmp/1 T_1.11, 6;
    %dup/vec4;
    %pushi/vec4 8, 0, 4;
    %cmp/u;
    %jmp/1 T_1.12, 6;
    %dup/vec4;
    %pushi/vec4 9, 0, 4;
    %cmp/u;
    %jmp/1 T_1.13, 6;
    %dup/vec4;
    %pushi/vec4 10, 0, 4;
    %cmp/u;
    %jmp/1 T_1.14, 6;
    %dup/vec4;
    %pushi/vec4 11, 0, 4;
    %cmp/u;
    %jmp/1 T_1.15, 6;
    %dup/vec4;
    %pushi/vec4 12, 0, 4;
    %cmp/u;
    %jmp/1 T_1.16, 6;
    %dup/vec4;
    %pushi/vec4 13, 0, 4;
    %cmp/u;
    %jmp/1 T_1.17, 6;
    %dup/vec4;
    %pushi/vec4 14, 0, 4;
    %cmp/u;
    %jmp/1 T_1.18, 6;
    %dup/vec4;
    %pushi/vec4 15, 0, 4;
    %cmp/u;
    %jmp/1 T_1.19, 6;
    %pushi/vec4 127, 0, 7;
    %ret/vec4 0, 0, 7;  Assign to hex_to_segments (store_vec4_to_lval)
    %jmp T_1.21;
T_1.4 ;
    %pushi/vec4 64, 0, 7;
    %ret/vec4 0, 0, 7;  Assign to hex_to_segments (store_vec4_to_lval)
    %jmp T_1.21;
T_1.5 ;
    %pushi/vec4 121, 0, 7;
    %ret/vec4 0, 0, 7;  Assign to hex_to_segments (store_vec4_to_lval)
    %jmp T_1.21;
T_1.6 ;
    %pushi/vec4 36, 0, 7;
    %ret/vec4 0, 0, 7;  Assign to hex_to_segments (store_vec4_to_lval)
    %jmp T_1.21;
T_1.7 ;
    %pushi/vec4 48, 0, 7;
    %ret/vec4 0, 0, 7;  Assign to hex_to_segments (store_vec4_to_lval)
    %jmp T_1.21;
T_1.8 ;
    %pushi/vec4 25, 0, 7;
    %ret/vec4 0, 0, 7;  Assign to hex_to_segments (store_vec4_to_lval)
    %jmp T_1.21;
T_1.9 ;
    %pushi/vec4 18, 0, 7;
    %ret/vec4 0, 0, 7;  Assign to hex_to_segments (store_vec4_to_lval)
    %jmp T_1.21;
T_1.10 ;
    %pushi/vec4 2, 0, 7;
    %ret/vec4 0, 0, 7;  Assign to hex_to_segments (store_vec4_to_lval)
    %jmp T_1.21;
T_1.11 ;
    %pushi/vec4 120, 0, 7;
    %ret/vec4 0, 0, 7;  Assign to hex_to_segments (store_vec4_to_lval)
    %jmp T_1.21;
T_1.12 ;
    %pushi/vec4 0, 0, 7;
    %ret/vec4 0, 0, 7;  Assign to hex_to_segments (store_vec4_to_lval)
    %jmp T_1.21;
T_1.13 ;
    %pushi/vec4 16, 0, 7;
    %ret/vec4 0, 0, 7;  Assign to hex_to_segments (store_vec4_to_lval)
    %jmp T_1.21;
T_1.14 ;
    %pushi/vec4 8, 0, 7;
    %ret/vec4 0, 0, 7;  Assign to hex_to_segments (store_vec4_to_lval)
    %jmp T_1.21;
T_1.15 ;
    %pushi/vec4 3, 0, 7;
    %ret/vec4 0, 0, 7;  Assign to hex_to_segments (store_vec4_to_lval)
    %jmp T_1.21;
T_1.16 ;
    %pushi/vec4 70, 0, 7;
    %ret/vec4 0, 0, 7;  Assign to hex_to_segments (store_vec4_to_lval)
    %jmp T_1.21;
T_1.17 ;
    %pushi/vec4 33, 0, 7;
    %ret/vec4 0, 0, 7;  Assign to hex_to_segments (store_vec4_to_lval)
    %jmp T_1.21;
T_1.18 ;
    %pushi/vec4 6, 0, 7;
    %ret/vec4 0, 0, 7;  Assign to hex_to_segments (store_vec4_to_lval)
    %jmp T_1.21;
T_1.19 ;
    %pushi/vec4 14, 0, 7;
    %ret/vec4 0, 0, 7;  Assign to hex_to_segments (store_vec4_to_lval)
    %jmp T_1.21;
T_1.21 ;
    %pop/vec4 1;
    %end;
S_000002598b424cc0 .scope module, "instructions_inst" "instructions" 3 26, 7 1 0, S_000002598b3e0910;
 .timescale -9 -12;
    .port_info 0 /INPUT 1 "clk";
    .port_info 1 /INPUT 1 "loadData";
    .port_info 2 /OUTPUT 32 "A";
    .port_info 3 /OUTPUT 32 "B";
v000002598b48df50_0 .var "A", 31 0;
v000002598b48e8b0 .array "A_mem", 31 0, 31 0;
v000002598b48dcd0_0 .var "B", 31 0;
v000002598b48d870 .array "B_mem", 31 0, 31 0;
v000002598b48d910_0 .net "clk", 0 0, v000002598b4fd5a0_0;  alias, 1 drivers
v000002598b48dff0_0 .var "index", 4 0;
v000002598b48d550_0 .net "loadData", 0 0, v000002598b4fcc40_0;  alias, 1 drivers
v000002598b48d690_0 .var "loadData_prev", 0 0;
v000002598b48d370_0 .var "loadData_valid", 0 0;
E_000002598b4554a0 .event posedge, v000002598b48deb0_0;
S_000002598b424e50 .scope module, "mul_inst" "multiplier" 3 45, 8 1 0, S_000002598b3e0910;
 .timescale -9 -12;
    .port_info 0 /INPUT 32 "A";
    .port_info 1 /INPUT 32 "B";
    .port_info 2 /INPUT 1 "control";
    .port_info 3 /INPUT 1 "reset";
    .port_info 4 /OUTPUT 32 "out";
    .port_info 5 /OUTPUT 1 "exception";
v000002598b48d0f0_0 .net "A", 31 0, v000002598b48df50_0;  alias, 1 drivers
v000002598b48daf0_0 .net "B", 31 0, v000002598b48dcd0_0;  alias, 1 drivers
v000002598b48e4f0_0 .net "control", 0 0, v000002598b4fdb40_0;  alias, 1 drivers
v000002598b48eb30_0 .var "exception", 0 0;
v000002598b48e1d0_0 .var "exp_A", 7 0;
v000002598b48ebd0_0 .var "exp_B", 7 0;
v000002598b48d410_0 .var "exp_out", 7 0;
v000002598b48e590_0 .var "mant_A", 23 0;
v000002598b48ed10_0 .var "mant_B", 23 0;
v000002598b48da50_0 .var "out", 31 0;
v000002598b48d190_0 .var "product", 47 0;
v000002598b48d2d0_0 .net "reset", 0 0, v000002598b4fcec0_0;  alias, 1 drivers
v000002598b48d4b0_0 .var "sign_A", 0 0;
v000002598b48db90_0 .var "sign_B", 0 0;
v000002598b48dd70_0 .var "sign_out", 0 0;
S_000002598b40c920 .scope function.vec4.s48, "booth_multiply" "booth_multiply" 8 14, 8 14 0, S_000002598b424e50;
 .timescale -9 -12;
v000002598b48cfb0_0 .var "P", 47 0;
; Variable booth_multiply is vec4 return value of scope S_000002598b40c920
v000002598b48e130_0 .var/i "i", 31 0;
v000002598b48e630_0 .var "m1", 23 0;
v000002598b48ea90_0 .var "m2", 23 0;
TD_ALU_top_tb.uut.mul_inst.booth_multiply ;
    %pushi/vec4 0, 0, 48;
    %store/vec4 v000002598b48cfb0_0, 0, 48;
    %pushi/vec4 0, 0, 32;
    %store/vec4 v000002598b48e130_0, 0, 32;
T_2.22 ;
    %load/vec4 v000002598b48e130_0;
    %cmpi/s 24, 0, 32;
    %jmp/0xz T_2.23, 5;
    %load/vec4 v000002598b48ea90_0;
    %load/vec4 v000002598b48e130_0;
    %part/s 1;
    %flag_set/vec4 8;
    %jmp/0xz  T_2.24, 8;
    %load/vec4 v000002598b48cfb0_0;
    %load/vec4 v000002598b48e630_0;
    %pad/u 48;
    %load/vec4 v000002598b48e130_0;
    %ix/vec4 4;
    %shiftl 4;
    %add;
    %store/vec4 v000002598b48cfb0_0, 0, 48;
T_2.24 ;
    %load/vec4 v000002598b48e130_0;
    %addi 1, 0, 32;
    %store/vec4 v000002598b48e130_0, 0, 32;
    %jmp T_2.22;
T_2.23 ;
    %load/vec4 v000002598b48cfb0_0;
    %ret/vec4 0, 0, 48;  Assign to booth_multiply (store_vec4_to_lval)
    %end;
    .scope S_000002598b424cc0;
T_3 ;
    %pushi/vec4 1102862462, 0, 32;
    %ix/load 4, 0, 0;
    %flag_set/imm 4, 0;
    %store/vec4a v000002598b48e8b0, 4, 0;
    %pushi/vec4 1110736490, 0, 32;
    %ix/load 4, 0, 0;
    %flag_set/imm 4, 0;
    %store/vec4a v000002598b48d870, 4, 0;
    %pushi/vec4 1113794546, 0, 32;
    %ix/load 4, 1, 0;
    %flag_set/imm 4, 0;
    %store/vec4a v000002598b48e8b0, 4, 0;
    %pushi/vec4 3255453061, 0, 32;
    %ix/load 4, 1, 0;
    %flag_set/imm 4, 0;
    %store/vec4a v000002598b48d870, 4, 0;
    %pushi/vec4 3265122810, 0, 32;
    %ix/load 4, 2, 0;
    %flag_set/imm 4, 0;
    %store/vec4a v000002598b48e8b0, 4, 0;
    %pushi/vec4 1095075805, 0, 32;
    %ix/load 4, 2, 0;
    %flag_set/imm 4, 0;
    %store/vec4a v000002598b48d870, 4, 0;
    %pushi/vec4 3242553508, 0, 32;
    %ix/load 4, 3, 0;
    %flag_set/imm 4, 0;
    %store/vec4a v000002598b48e8b0, 4, 0;
    %pushi/vec4 3267725230, 0, 32;
    %ix/load 4, 3, 0;
    %flag_set/imm 4, 0;
    %store/vec4a v000002598b48d870, 4, 0;
    %pushi/vec4 1120241635, 0, 32;
    %ix/load 4, 4, 0;
    %flag_set/imm 4, 0;
    %store/vec4a v000002598b48e8b0, 4, 0;
    %pushi/vec4 1110736477, 0, 32;
    %ix/load 4, 4, 0;
    %flag_set/imm 4, 0;
    %store/vec4a v000002598b48d870, 4, 0;
    %pushi/vec4 1123477094, 0, 32;
    %ix/load 4, 5, 0;
    %flag_set/imm 4, 0;
    %store/vec4a v000002598b48e8b0, 4, 0;
    %pushi/vec4 3263678382, 0, 32;
    %ix/load 4, 5, 0;
    %flag_set/imm 4, 0;
    %store/vec4a v000002598b48d870, 4, 0;
    %pushi/vec4 3261275832, 0, 32;
    %ix/load 4, 6, 0;
    %flag_set/imm 4, 0;
    %store/vec4a v000002598b48e8b0, 4, 0;
    %pushi/vec4 1102813594, 0, 32;
    %ix/load 4, 6, 0;
    %flag_set/imm 4, 0;
    %store/vec4a v000002598b48d870, 4, 0;
    %pushi/vec4 3250297242, 0, 32;
    %ix/load 4, 7, 0;
    %flag_set/imm 4, 0;
    %store/vec4a v000002598b48e8b0, 4, 0;
    %pushi/vec4 3265121485, 0, 32;
    %ix/load 4, 7, 0;
    %flag_set/imm 4, 0;
    %store/vec4a v000002598b48d870, 4, 0;
    %pushi/vec4 1095075103, 0, 32;
    %ix/load 4, 8, 0;
    %flag_set/imm 4, 0;
    %store/vec4a v000002598b48e8b0, 4, 0;
    %pushi/vec4 1116194734, 0, 32;
    %ix/load 4, 8, 0;
    %flag_set/imm 4, 0;
    %store/vec4a v000002598b48d870, 4, 0;
    %pushi/vec4 1107967345, 0, 32;
    %ix/load 4, 9, 0;
    %flag_set/imm 4, 0;
    %store/vec4a v000002598b48e8b0, 4, 0;
    %pushi/vec4 3242553508, 0, 32;
    %ix/load 4, 9, 0;
    %flag_set/imm 4, 0;
    %store/vec4a v000002598b48d870, 4, 0;
    %pushi/vec4 3265122796, 0, 32;
    %ix/load 4, 10, 0;
    %flag_set/imm 4, 0;
    %store/vec4a v000002598b48e8b0, 4, 0;
    %pushi/vec4 1102813594, 0, 32;
    %ix/load 4, 10, 0;
    %flag_set/imm 4, 0;
    %store/vec4a v000002598b48d870, 4, 0;
    %pushi/vec4 3261275832, 0, 32;
    %ix/load 4, 11, 0;
    %flag_set/imm 4, 0;
    %store/vec4a v000002598b48e8b0, 4, 0;
    %pushi/vec4 3255450993, 0, 32;
    %ix/load 4, 11, 0;
    %flag_set/imm 4, 0;
    %store/vec4a v000002598b48d870, 4, 0;
    %pushi/vec4 1123477881, 0, 32;
    %ix/load 4, 12, 0;
    %flag_set/imm 4, 0;
    %store/vec4a v000002598b48e8b0, 4, 0;
    %pushi/vec4 1095069860, 0, 32;
    %ix/load 4, 12, 0;
    %flag_set/imm 4, 0;
    %store/vec4a v000002598b48d870, 4, 0;
    %pushi/vec4 1110879764, 0, 32;
    %ix/load 4, 13, 0;
    %flag_set/imm 4, 0;
    %store/vec4a v000002598b48e8b0, 4, 0;
    %pushi/vec4 3235444163, 0, 32;
    %ix/load 4, 13, 0;
    %flag_set/imm 4, 0;
    %store/vec4a v000002598b48d870, 4, 0;
    %pushi/vec4 3265122796, 0, 32;
    %ix/load 4, 14, 0;
    %flag_set/imm 4, 0;
    %store/vec4a v000002598b48e8b0, 4, 0;
    %pushi/vec4 1102813594, 0, 32;
    %ix/load 4, 14, 0;
    %flag_set/imm 4, 0;
    %store/vec4a v000002598b48d870, 4, 0;
    %pushi/vec4 3261275832, 0, 32;
    %ix/load 4, 15, 0;
    %flag_set/imm 4, 0;
    %store/vec4a v000002598b48e8b0, 4, 0;
    %pushi/vec4 3255450993, 0, 32;
    %ix/load 4, 15, 0;
    %flag_set/imm 4, 0;
    %store/vec4a v000002598b48d870, 4, 0;
    %pushi/vec4 1095075103, 0, 32;
    %ix/load 4, 16, 0;
    %flag_set/imm 4, 0;
    %store/vec4a v000002598b48e8b0, 4, 0;
    %pushi/vec4 0, 0, 32;
    %ix/load 4, 16, 0;
    %flag_set/imm 4, 0;
    %store/vec4a v000002598b48d870, 4, 0;
    %pushi/vec4 0, 0, 32;
    %ix/load 4, 17, 0;
    %flag_set/imm 4, 0;
    %store/vec4a v000002598b48e8b0, 4, 0;
    %pushi/vec4 1095075103, 0, 32;
    %ix/load 4, 17, 0;
    %flag_set/imm 4, 0;
    %store/vec4a v000002598b48d870, 4, 0;
    %pushi/vec4 0, 0, 32;
    %ix/load 4, 18, 0;
    %flag_set/imm 4, 0;
    %store/vec4a v000002598b48e8b0, 4, 0;
    %pushi/vec4 3265122796, 0, 32;
    %ix/load 4, 18, 0;
    %flag_set/imm 4, 0;
    %store/vec4a v000002598b48d870, 4, 0;
    %pushi/vec4 0, 0, 32;
    %ix/load 4, 19, 0;
    %flag_set/imm 4, 0;
    %store/vec4a v000002598b48e8b0, 4, 0;
    %pushi/vec4 0, 0, 32;
    %ix/load 4, 19, 0;
    %flag_set/imm 4, 0;
    %store/vec4a v000002598b48d870, 4, 0;
    %pushi/vec4 2143289344, 0, 32;
    %ix/load 4, 20, 0;
    %flag_set/imm 4, 0;
    %store/vec4a v000002598b48e8b0, 4, 0;
    %pushi/vec4 1095069860, 0, 32;
    %ix/load 4, 20, 0;
    %flag_set/imm 4, 0;
    %store/vec4a v000002598b48d870, 4, 0;
    %pushi/vec4 2143289344, 0, 32;
    %ix/load 4, 21, 0;
    %flag_set/imm 4, 0;
    %store/vec4a v000002598b48e8b0, 4, 0;
    %pushi/vec4 1110879764, 0, 32;
    %ix/load 4, 21, 0;
    %flag_set/imm 4, 0;
    %store/vec4a v000002598b48d870, 4, 0;
    %pushi/vec4 2143289344, 0, 32;
    %ix/load 4, 22, 0;
    %flag_set/imm 4, 0;
    %store/vec4a v000002598b48e8b0, 4, 0;
    %pushi/vec4 1117639148, 0, 32;
    %ix/load 4, 22, 0;
    %flag_set/imm 4, 0;
    %store/vec4a v000002598b48d870, 4, 0;
    %pushi/vec4 2143289344, 0, 32;
    %ix/load 4, 23, 0;
    %flag_set/imm 4, 0;
    %store/vec4a v000002598b48e8b0, 4, 0;
    %pushi/vec4 1102813594, 0, 32;
    %ix/load 4, 23, 0;
    %flag_set/imm 4, 0;
    %store/vec4a v000002598b48d870, 4, 0;
    %pushi/vec4 2139095040, 0, 32;
    %ix/load 4, 24, 0;
    %flag_set/imm 4, 0;
    %store/vec4a v000002598b48e8b0, 4, 0;
    %pushi/vec4 1095069860, 0, 32;
    %ix/load 4, 24, 0;
    %flag_set/imm 4, 0;
    %store/vec4a v000002598b48d870, 4, 0;
    %pushi/vec4 2139095040, 0, 32;
    %ix/load 4, 25, 0;
    %flag_set/imm 4, 0;
    %store/vec4a v000002598b48e8b0, 4, 0;
    %pushi/vec4 1110879764, 0, 32;
    %ix/load 4, 25, 0;
    %flag_set/imm 4, 0;
    %store/vec4a v000002598b48d870, 4, 0;
    %pushi/vec4 2139095040, 0, 32;
    %ix/load 4, 26, 0;
    %flag_set/imm 4, 0;
    %store/vec4a v000002598b48e8b0, 4, 0;
    %pushi/vec4 3265122796, 0, 32;
    %ix/load 4, 26, 0;
    %flag_set/imm 4, 0;
    %store/vec4a v000002598b48d870, 4, 0;
    %pushi/vec4 2139095040, 0, 32;
    %ix/load 4, 27, 0;
    %flag_set/imm 4, 0;
    %store/vec4a v000002598b48e8b0, 4, 0;
    %pushi/vec4 1102813594, 0, 32;
    %ix/load 4, 27, 0;
    %flag_set/imm 4, 0;
    %store/vec4a v000002598b48d870, 4, 0;
    %pushi/vec4 1073741824, 0, 32;
    %ix/load 4, 28, 0;
    %flag_set/imm 4, 0;
    %store/vec4a v000002598b48e8b0, 4, 0;
    %pushi/vec4 1082130432, 0, 32;
    %ix/load 4, 28, 0;
    %flag_set/imm 4, 0;
    %store/vec4a v000002598b48d870, 4, 0;
    %pushi/vec4 1090519040, 0, 32;
    %ix/load 4, 29, 0;
    %flag_set/imm 4, 0;
    %store/vec4a v000002598b48e8b0, 4, 0;
    %pushi/vec4 1073741824, 0, 32;
    %ix/load 4, 29, 0;
    %flag_set/imm 4, 0;
    %store/vec4a v000002598b48d870, 4, 0;
    %pushi/vec4 1086324736, 0, 32;
    %ix/load 4, 30, 0;
    %flag_set/imm 4, 0;
    %store/vec4a v000002598b48e8b0, 4, 0;
    %pushi/vec4 1082130432, 0, 32;
    %ix/load 4, 30, 0;
    %flag_set/imm 4, 0;
    %store/vec4a v000002598b48d870, 4, 0;
    %pushi/vec4 1098907648, 0, 32;
    %ix/load 4, 31, 0;
    %flag_set/imm 4, 0;
    %store/vec4a v000002598b48e8b0, 4, 0;
    %pushi/vec4 1082130432, 0, 32;
    %ix/load 4, 31, 0;
    %flag_set/imm 4, 0;
    %store/vec4a v000002598b48d870, 4, 0;
    %pushi/vec4 0, 0, 5;
    %store/vec4 v000002598b48dff0_0, 0, 5;
    %pushi/vec4 0, 0, 32;
    %store/vec4 v000002598b48df50_0, 0, 32;
    %pushi/vec4 0, 0, 32;
    %store/vec4 v000002598b48dcd0_0, 0, 32;
    %pushi/vec4 0, 0, 1;
    %store/vec4 v000002598b48d690_0, 0, 1;
    %pushi/vec4 0, 0, 1;
    %store/vec4 v000002598b48d370_0, 0, 1;
    %end;
    .thread T_3;
    .scope S_000002598b424cc0;
T_4 ;
    %wait E_000002598b4554a0;
    %load/vec4 v000002598b48d550_0;
    %flag_set/vec4 9;
    %flag_get/vec4 9;
    %jmp/0 T_4.2, 9;
    %load/vec4 v000002598b48d690_0;
    %nor/r;
    %and;
T_4.2;
    %flag_set/vec4 8;
    %jmp/0xz  T_4.0, 8;
    %pushi/vec4 1, 0, 1;
    %assign/vec4 v000002598b48d370_0, 0;
T_4.0 ;
    %load/vec4 v000002598b48d550_0;
    %assign/vec4 v000002598b48d690_0, 0;
    %load/vec4 v000002598b48d370_0;
    %flag_set/vec4 8;
    %jmp/0xz  T_4.3, 8;
    %load/vec4 v000002598b48dff0_0;
    %pad/u 7;
    %ix/vec4 4;
    %load/vec4a v000002598b48e8b0, 4;
    %assign/vec4 v000002598b48df50_0, 0;
    %load/vec4 v000002598b48dff0_0;
    %pad/u 7;
    %ix/vec4 4;
    %load/vec4a v000002598b48d870, 4;
    %assign/vec4 v000002598b48dcd0_0, 0;
    %load/vec4 v000002598b48dff0_0;
    %addi 1, 0, 5;
    %assign/vec4 v000002598b48dff0_0, 0;
    %load/vec4 v000002598b48dff0_0;
    %pad/u 32;
    %cmpi/e 31, 0, 32;
    %jmp/0xz  T_4.5, 4;
    %pushi/vec4 0, 0, 5;
    %assign/vec4 v000002598b48dff0_0, 0;
T_4.5 ;
    %pushi/vec4 0, 0, 1;
    %assign/vec4 v000002598b48d370_0, 0;
T_4.3 ;
    %jmp T_4;
    .thread T_4;
    .scope S_000002598b3e0aa0;
T_5 ;
    %wait E_000002598b455720;
    %load/vec4 v000002598b48ca40_0;
    %flag_set/vec4 8;
    %jmp/0xz  T_5.0, 8;
    %pushi/vec4 0, 0, 32;
    %assign/vec4 v000002598b48c9a0_0, 0;
    %pushi/vec4 0, 0, 1;
    %assign/vec4 v000002598b465900_0, 0;
    %jmp T_5.1;
T_5.0 ;
    %load/vec4 v000002598b3a2f30_0;
    %parti/s 1, 31, 6;
    %store/vec4 v000002598b48cc20_0, 0, 1;
    %load/vec4 v000002598b3d4750_0;
    %flag_set/vec4 8;
    %jmp/0xz  T_5.2, 8;
    %load/vec4 v000002598b3d45b0_0;
    %parti/s 1, 31, 6;
    %inv;
    %store/vec4 v000002598b48cae0_0, 0, 1;
    %jmp T_5.3;
T_5.2 ;
    %load/vec4 v000002598b3d45b0_0;
    %parti/s 1, 31, 6;
    %store/vec4 v000002598b48cae0_0, 0, 1;
T_5.3 ;
    %load/vec4 v000002598b3a2f30_0;
    %parti/s 8, 23, 6;
    %store/vec4 v000002598b3e0c30_0, 0, 8;
    %load/vec4 v000002598b3d45b0_0;
    %parti/s 8, 23, 6;
    %store/vec4 v000002598b3e0cd0_0, 0, 8;
    %pushi/vec4 1, 0, 2;
    %load/vec4 v000002598b3a2f30_0;
    %parti/s 23, 0, 2;
    %concat/vec4; draw_concat_vec4
    %store/vec4 v000002598b3fb040_0, 0, 25;
    %pushi/vec4 1, 0, 2;
    %load/vec4 v000002598b3d45b0_0;
    %parti/s 23, 0, 2;
    %concat/vec4; draw_concat_vec4
    %store/vec4 v000002598b48c720_0, 0, 25;
    %load/vec4 v000002598b3e0cd0_0;
    %load/vec4 v000002598b3e0c30_0;
    %cmp/u;
    %jmp/0xz  T_5.4, 5;
    %load/vec4 v000002598b3e0c30_0;
    %load/vec4 v000002598b3e0cd0_0;
    %sub;
    %store/vec4 v000002598b3fae60_0, 0, 8;
    %load/vec4 v000002598b48c720_0;
    %ix/getv 4, v000002598b3fae60_0;
    %shiftr 4;
    %store/vec4 v000002598b48c720_0, 0, 25;
    %load/vec4 v000002598b3e0c30_0;
    %store/vec4 v000002598b3faf00_0, 0, 8;
    %jmp T_5.5;
T_5.4 ;
    %load/vec4 v000002598b3e0cd0_0;
    %load/vec4 v000002598b3e0c30_0;
    %sub;
    %store/vec4 v000002598b3fae60_0, 0, 8;
    %load/vec4 v000002598b3fb040_0;
    %ix/getv 4, v000002598b3fae60_0;
    %shiftr 4;
    %store/vec4 v000002598b3fb040_0, 0, 25;
    %load/vec4 v000002598b3e0cd0_0;
    %store/vec4 v000002598b3faf00_0, 0, 8;
T_5.5 ;
    %load/vec4 v000002598b48cc20_0;
    %load/vec4 v000002598b48cae0_0;
    %cmp/e;
    %jmp/0xz  T_5.6, 4;
    %load/vec4 v000002598b3fb040_0;
    %load/vec4 v000002598b48c720_0;
    %add;
    %store/vec4 v000002598b48c0e0_0, 0, 25;
    %load/vec4 v000002598b48cc20_0;
    %store/vec4 v000002598b48c900_0, 0, 1;
    %jmp T_5.7;
T_5.6 ;
    %load/vec4 v000002598b48c720_0;
    %load/vec4 v000002598b3fb040_0;
    %cmp/u;
    %flag_or 5, 4;
    %jmp/0xz  T_5.8, 5;
    %load/vec4 v000002598b3fb040_0;
    %load/vec4 v000002598b48c720_0;
    %sub;
    %store/vec4 v000002598b48c0e0_0, 0, 25;
    %load/vec4 v000002598b48cc20_0;
    %store/vec4 v000002598b48c900_0, 0, 1;
    %jmp T_5.9;
T_5.8 ;
    %load/vec4 v000002598b48c720_0;
    %load/vec4 v000002598b3fb040_0;
    %sub;
    %store/vec4 v000002598b48c0e0_0, 0, 25;
    %load/vec4 v000002598b48cae0_0;
    %store/vec4 v000002598b48c900_0, 0, 1;
T_5.9 ;
T_5.7 ;
    %load/vec4 v000002598b48c0e0_0;
    %parti/s 1, 24, 6;
    %flag_set/vec4 8;
    %jmp/0xz  T_5.10, 8;
    %load/vec4 v000002598b48c0e0_0;
    %ix/load 4, 1, 0;
    %flag_set/imm 4, 0;
    %shiftr 4;
    %store/vec4 v000002598b48c0e0_0, 0, 25;
    %load/vec4 v000002598b3faf00_0;
    %addi 1, 0, 8;
    %store/vec4 v000002598b3faf00_0, 0, 8;
    %jmp T_5.11;
T_5.10 ;
    %pushi/vec4 0, 0, 32;
    %store/vec4 v000002598b3fafa0_0, 0, 32;
T_5.12 ;
    %load/vec4 v000002598b3fafa0_0;
    %cmpi/s 23, 0, 32;
    %flag_get/vec4 5;
    %jmp/0 T_5.15, 5;
    %load/vec4 v000002598b48c0e0_0;
    %parti/s 1, 23, 6;
    %pad/u 32;
    %pushi/vec4 0, 0, 32;
    %cmp/e;
    %flag_get/vec4 4;
    %and;
T_5.15;
    %flag_set/vec4 9;
    %flag_get/vec4 9;
    %jmp/0 T_5.14, 9;
    %pushi/vec4 0, 0, 32;
    %load/vec4 v000002598b3faf00_0;
    %pad/u 32;
    %cmp/u;
    %flag_get/vec4 5;
    %and;
T_5.14;
    %flag_set/vec4 8;
    %jmp/0xz T_5.13, 8;
    %load/vec4 v000002598b48c0e0_0;
    %ix/load 4, 1, 0;
    %flag_set/imm 4, 0;
    %shiftl 4;
    %store/vec4 v000002598b48c0e0_0, 0, 25;
    %load/vec4 v000002598b3faf00_0;
    %subi 1, 0, 8;
    %store/vec4 v000002598b3faf00_0, 0, 8;
    %load/vec4 v000002598b3fafa0_0;
    %addi 1, 0, 32;
    %store/vec4 v000002598b3fafa0_0, 0, 32;
    %jmp T_5.12;
T_5.13 ;
T_5.11 ;
    %load/vec4 v000002598b48c900_0;
    %load/vec4 v000002598b3faf00_0;
    %concat/vec4; draw_concat_vec4
    %load/vec4 v000002598b48c0e0_0;
    %parti/s 23, 0, 2;
    %concat/vec4; draw_concat_vec4
    %assign/vec4 v000002598b48c9a0_0, 0;
    %load/vec4 v000002598b3faf00_0;
    %pushi/vec4 255, 0, 8;
    %cmp/e;
    %flag_get/vec4 4;
    %assign/vec4 v000002598b465900_0, 0;
T_5.1 ;
    %jmp T_5;
    .thread T_5;
    .scope S_000002598b424e50;
T_6 ;
    %wait E_000002598b455720;
    %load/vec4 v000002598b48d2d0_0;
    %flag_set/vec4 8;
    %jmp/0xz  T_6.0, 8;
    %pushi/vec4 0, 0, 32;
    %assign/vec4 v000002598b48da50_0, 0;
    %pushi/vec4 0, 0, 1;
    %assign/vec4 v000002598b48eb30_0, 0;
    %jmp T_6.1;
T_6.0 ;
    %load/vec4 v000002598b48d0f0_0;
    %parti/s 1, 31, 6;
    %store/vec4 v000002598b48d4b0_0, 0, 1;
    %load/vec4 v000002598b48daf0_0;
    %parti/s 1, 31, 6;
    %store/vec4 v000002598b48db90_0, 0, 1;
    %load/vec4 v000002598b48d0f0_0;
    %parti/s 8, 23, 6;
    %store/vec4 v000002598b48e1d0_0, 0, 8;
    %load/vec4 v000002598b48daf0_0;
    %parti/s 8, 23, 6;
    %store/vec4 v000002598b48ebd0_0, 0, 8;
    %pushi/vec4 1, 0, 1;
    %load/vec4 v000002598b48d0f0_0;
    %parti/s 23, 0, 2;
    %concat/vec4; draw_concat_vec4
    %store/vec4 v000002598b48e590_0, 0, 24;
    %pushi/vec4 1, 0, 1;
    %load/vec4 v000002598b48daf0_0;
    %parti/s 23, 0, 2;
    %concat/vec4; draw_concat_vec4
    %store/vec4 v000002598b48ed10_0, 0, 24;
    %load/vec4 v000002598b48d4b0_0;
    %load/vec4 v000002598b48db90_0;
    %xor;
    %store/vec4 v000002598b48dd70_0, 0, 1;
    %load/vec4 v000002598b48e1d0_0;
    %load/vec4 v000002598b48ebd0_0;
    %add;
    %subi 127, 0, 8;
    %store/vec4 v000002598b48d410_0, 0, 8;
    %load/vec4 v000002598b48e590_0;
    %load/vec4 v000002598b48ed10_0;
    %store/vec4 v000002598b48ea90_0, 0, 24;
    %store/vec4 v000002598b48e630_0, 0, 24;
    %callf/vec4 TD_ALU_top_tb.uut.mul_inst.booth_multiply, S_000002598b40c920;
    %store/vec4 v000002598b48d190_0, 0, 48;
    %load/vec4 v000002598b48d190_0;
    %parti/s 1, 47, 7;
    %flag_set/vec4 8;
    %jmp/0xz  T_6.2, 8;
    %load/vec4 v000002598b48d190_0;
    %parti/s 23, 24, 6;
    %ix/load 4, 0, 0;
    %flag_set/imm 4, 0;
    %store/vec4 v000002598b48da50_0, 4, 23;
    %load/vec4 v000002598b48d410_0;
    %addi 1, 0, 8;
    %store/vec4 v000002598b48d410_0, 0, 8;
    %jmp T_6.3;
T_6.2 ;
    %load/vec4 v000002598b48d190_0;
    %parti/s 23, 23, 6;
    %ix/load 4, 0, 0;
    %flag_set/imm 4, 0;
    %store/vec4 v000002598b48da50_0, 4, 23;
T_6.3 ;
    %load/vec4 v000002598b48dd70_0;
    %ix/load 4, 31, 0;
    %flag_set/imm 4, 0;
    %store/vec4 v000002598b48da50_0, 4, 1;
    %load/vec4 v000002598b48d410_0;
    %ix/load 4, 23, 0;
    %flag_set/imm 4, 0;
    %store/vec4 v000002598b48da50_0, 4, 8;
    %load/vec4 v000002598b48d410_0;
    %pad/u 32;
    %cmpi/u 255, 0, 32;
    %flag_inv 5; GE is !LT
    %flag_mov 8, 5;
    %jmp/0 T_6.4, 8;
    %pushi/vec4 1, 0, 2;
    %jmp/1 T_6.5, 8;
T_6.4 ; End of true expr.
    %pushi/vec4 0, 0, 2;
    %jmp/0 T_6.5, 8;
 ; End of false expr.
    %blend;
T_6.5;
    %pad/s 1;
    %store/vec4 v000002598b48eb30_0, 0, 1;
T_6.1 ;
    %jmp T_6;
    .thread T_6;
    .scope S_000002598b3ed510;
T_7 ;
    %wait E_000002598b455720;
    %load/vec4 v000002598b48edb0_0;
    %flag_set/vec4 8;
    %jmp/0xz  T_7.0, 8;
    %pushi/vec4 0, 0, 32;
    %assign/vec4 v000002598b48c540_0, 0;
    %pushi/vec4 0, 0, 1;
    %assign/vec4 v000002598b48cea0_0, 0;
    %pushi/vec4 0, 0, 1;
    %assign/vec4 v000002598b48d230_0, 0;
    %jmp T_7.1;
T_7.0 ;
    %load/vec4 v000002598b48ce00_0;
    %parti/s 1, 31, 6;
    %load/vec4 v000002598b48c4a0_0;
    %parti/s 1, 31, 6;
    %xor;
    %store/vec4 v000002598b48e950_0, 0, 1;
    %load/vec4 v000002598b48ce00_0;
    %parti/s 8, 23, 6;
    %store/vec4 v000002598b48bfa0_0, 0, 8;
    %load/vec4 v000002598b48c4a0_0;
    %parti/s 8, 23, 6;
    %store/vec4 v000002598b48c220_0, 0, 8;
    %pushi/vec4 1, 0, 1;
    %load/vec4 v000002598b48ce00_0;
    %parti/s 23, 0, 2;
    %concat/vec4; draw_concat_vec4
    %store/vec4 v000002598b48c2c0_0, 0, 24;
    %pushi/vec4 1, 0, 1;
    %load/vec4 v000002598b48c4a0_0;
    %parti/s 23, 0, 2;
    %concat/vec4; draw_concat_vec4
    %store/vec4 v000002598b48c360_0, 0, 24;
    %load/vec4 v000002598b48c4a0_0;
    %cmpi/e 0, 0, 32;
    %jmp/0xz  T_7.2, 4;
    %load/vec4 v000002598b48e950_0;
    %concati/vec4 255, 0, 8;
    %concati/vec4 0, 0, 23;
    %assign/vec4 v000002598b48c540_0, 0;
    %pushi/vec4 0, 0, 1;
    %assign/vec4 v000002598b48cea0_0, 0;
    %pushi/vec4 1, 0, 1;
    %assign/vec4 v000002598b48d230_0, 0;
    %jmp T_7.3;
T_7.2 ;
    %pushi/vec4 0, 0, 1;
    %assign/vec4 v000002598b48d230_0, 0;
    %load/vec4 v000002598b48bfa0_0;
    %load/vec4 v000002598b48c220_0;
    %sub;
    %addi 127, 0, 8;
    %store/vec4 v000002598b48c040_0, 0, 8;
    %load/vec4 v000002598b48c2c0_0;
    %load/vec4 v000002598b48c360_0;
    %store/vec4 v000002598b48c7c0_0, 0, 24;
    %store/vec4 v000002598b48c5e0_0, 0, 24;
    %callf/vec4 TD_ALU_top_tb.uut.div_inst.NRDivisor, S_000002598b3ed6a0;
    %store/vec4 v000002598b48c680_0, 0, 24;
    %pushi/vec4 0, 0, 32;
    %store/vec4 v000002598b48c180_0, 0, 32;
T_7.4 ;
    %load/vec4 v000002598b48c180_0;
    %cmpi/s 23, 0, 32;
    %flag_get/vec4 5;
    %jmp/0 T_7.7, 5;
    %load/vec4 v000002598b48c680_0;
    %parti/s 1, 23, 6;
    %pad/u 32;
    %pushi/vec4 0, 0, 32;
    %cmp/e;
    %flag_get/vec4 4;
    %and;
T_7.7;
    %flag_set/vec4 9;
    %flag_get/vec4 9;
    %jmp/0 T_7.6, 9;
    %pushi/vec4 0, 0, 32;
    %load/vec4 v000002598b48c040_0;
    %pad/u 32;
    %cmp/u;
    %flag_get/vec4 5;
    %and;
T_7.6;
    %flag_set/vec4 8;
    %jmp/0xz T_7.5, 8;
    %load/vec4 v000002598b48c680_0;
    %ix/load 4, 1, 0;
    %flag_set/imm 4, 0;
    %shiftl 4;
    %store/vec4 v000002598b48c680_0, 0, 24;
    %load/vec4 v000002598b48c040_0;
    %subi 1, 0, 8;
    %store/vec4 v000002598b48c040_0, 0, 8;
    %load/vec4 v000002598b48c180_0;
    %addi 1, 0, 32;
    %store/vec4 v000002598b48c180_0, 0, 32;
    %jmp T_7.4;
T_7.5 ;
    %load/vec4 v000002598b48c040_0;
    %pad/u 32;
    %cmpi/u 255, 0, 32;
    %flag_inv 5; GE is !LT
    %jmp/0xz  T_7.8, 5;
    %load/vec4 v000002598b48e950_0;
    %concati/vec4 255, 0, 8;
    %concati/vec4 0, 0, 23;
    %assign/vec4 v000002598b48c540_0, 0;
    %pushi/vec4 1, 0, 1;
    %assign/vec4 v000002598b48cea0_0, 0;
    %jmp T_7.9;
T_7.8 ;
    %load/vec4 v000002598b48c040_0;
    %pad/u 32;
    %cmpi/u 0, 0, 32;
    %flag_or 5, 4;
    %jmp/0xz  T_7.10, 5;
    %load/vec4 v000002598b48e950_0;
    %concati/vec4 0, 0, 8;
    %concati/vec4 0, 0, 23;
    %assign/vec4 v000002598b48c540_0, 0;
    %pushi/vec4 1, 0, 1;
    %assign/vec4 v000002598b48cea0_0, 0;
    %jmp T_7.11;
T_7.10 ;
    %load/vec4 v000002598b48e950_0;
    %load/vec4 v000002598b48c040_0;
    %concat/vec4; draw_concat_vec4
    %load/vec4 v000002598b48c680_0;
    %parti/s 23, 0, 2;
    %concat/vec4; draw_concat_vec4
    %assign/vec4 v000002598b48c540_0, 0;
    %pushi/vec4 0, 0, 1;
    %assign/vec4 v000002598b48cea0_0, 0;
T_7.11 ;
T_7.9 ;
T_7.3 ;
T_7.1 ;
    %jmp T_7;
    .thread T_7;
    .scope S_000002598b416f90;
T_8 ;
    %wait E_000002598b455460;
    %load/vec4 v000002598b48e810_0;
    %flag_set/vec4 8;
    %jmp/0xz  T_8.0, 8;
    %pushi/vec4 127, 0, 7;
    %assign/vec4 v000002598b48d050_0, 0;
    %pushi/vec4 127, 0, 7;
    %assign/vec4 v000002598b48ee50_0, 0;
    %pushi/vec4 127, 0, 7;
    %assign/vec4 v000002598b48e310_0, 0;
    %pushi/vec4 127, 0, 7;
    %assign/vec4 v000002598b48e9f0_0, 0;
    %pushi/vec4 127, 0, 7;
    %assign/vec4 v000002598b48ec70_0, 0;
    %pushi/vec4 127, 0, 7;
    %assign/vec4 v000002598b48d730_0, 0;
    %pushi/vec4 127, 0, 7;
    %assign/vec4 v000002598b48e770_0, 0;
    %pushi/vec4 127, 0, 7;
    %assign/vec4 v000002598b48e6d0_0, 0;
    %pushi/vec4 0, 0, 32;
    %assign/vec4 v000002598b48e3b0_0, 0;
    %jmp T_8.1;
T_8.0 ;
    %load/vec4 v000002598b48e450_0;
    %parti/s 4, 0, 2;
    %store/vec4 v000002598b48e270_0, 0, 4;
    %callf/vec4 TD_ALU_top_tb.uut.hex_display_inst.hex_to_segments, S_000002598b417120;
    %assign/vec4 v000002598b48e6d0_0, 0;
    %load/vec4 v000002598b48e450_0;
    %parti/s 4, 4, 4;
    %store/vec4 v000002598b48e270_0, 0, 4;
    %callf/vec4 TD_ALU_top_tb.uut.hex_display_inst.hex_to_segments, S_000002598b417120;
    %assign/vec4 v000002598b48e770_0, 0;
    %load/vec4 v000002598b48e450_0;
    %parti/s 4, 8, 5;
    %store/vec4 v000002598b48e270_0, 0, 4;
    %callf/vec4 TD_ALU_top_tb.uut.hex_display_inst.hex_to_segments, S_000002598b417120;
    %assign/vec4 v000002598b48d730_0, 0;
    %load/vec4 v000002598b48e450_0;
    %parti/s 4, 12, 5;
    %store/vec4 v000002598b48e270_0, 0, 4;
    %callf/vec4 TD_ALU_top_tb.uut.hex_display_inst.hex_to_segments, S_000002598b417120;
    %assign/vec4 v000002598b48ec70_0, 0;
    %load/vec4 v000002598b48e450_0;
    %parti/s 4, 16, 6;
    %store/vec4 v000002598b48e270_0, 0, 4;
    %callf/vec4 TD_ALU_top_tb.uut.hex_display_inst.hex_to_segments, S_000002598b417120;
    %assign/vec4 v000002598b48e9f0_0, 0;
    %load/vec4 v000002598b48e450_0;
    %parti/s 4, 20, 6;
    %store/vec4 v000002598b48e270_0, 0, 4;
    %callf/vec4 TD_ALU_top_tb.uut.hex_display_inst.hex_to_segments, S_000002598b417120;
    %assign/vec4 v000002598b48e310_0, 0;
    %load/vec4 v000002598b48e450_0;
    %parti/s 4, 24, 6;
    %store/vec4 v000002598b48e270_0, 0, 4;
    %callf/vec4 TD_ALU_top_tb.uut.hex_display_inst.hex_to_segments, S_000002598b417120;
    %assign/vec4 v000002598b48ee50_0, 0;
    %load/vec4 v000002598b48e450_0;
    %parti/s 4, 28, 6;
    %store/vec4 v000002598b48e270_0, 0, 4;
    %callf/vec4 TD_ALU_top_tb.uut.hex_display_inst.hex_to_segments, S_000002598b417120;
    %assign/vec4 v000002598b48d050_0, 0;
    %load/vec4 v000002598b48e450_0;
    %assign/vec4 v000002598b48e3b0_0, 0;
T_8.1 ;
    %jmp T_8;
    .thread T_8, $push;
    .scope S_000002598b3e0910;
T_9 ;
    %wait E_000002598b452460;
    %load/vec4 v000002598b4fdaa0_0;
    %flag_set/vec4 8;
    %jmp/0xz  T_9.0, 8;
    %pushi/vec4 0, 0, 32;
    %assign/vec4 v000002598b4fdf00_0, 0;
    %pushi/vec4 0, 0, 1;
    %assign/vec4 v000002598b4fd000_0, 0;
    %pushi/vec4 0, 0, 1;
    %assign/vec4 v000002598b4fd320_0, 0;
    %pushi/vec4 0, 0, 1;
    %assign/vec4 v000002598b4fd1e0_0, 0;
    %jmp T_9.1;
T_9.0 ;
    %load/vec4 v000002598b4fdfa0_0;
    %dup/vec4;
    %pushi/vec4 0, 0, 2;
    %cmp/u;
    %jmp/1 T_9.2, 6;
    %dup/vec4;
    %pushi/vec4 1, 0, 2;
    %cmp/u;
    %jmp/1 T_9.3, 6;
    %dup/vec4;
    %pushi/vec4 2, 0, 2;
    %cmp/u;
    %jmp/1 T_9.4, 6;
    %dup/vec4;
    %pushi/vec4 3, 0, 2;
    %cmp/u;
    %jmp/1 T_9.5, 6;
    %pushi/vec4 0, 0, 32;
    %assign/vec4 v000002598b4fdf00_0, 0;
    %pushi/vec4 0, 0, 1;
    %assign/vec4 v000002598b4fd000_0, 0;
    %pushi/vec4 0, 0, 1;
    %assign/vec4 v000002598b4fd320_0, 0;
    %jmp T_9.7;
T_9.2 ;
    %pushi/vec4 0, 0, 1;
    %assign/vec4 v000002598b4fd1e0_0, 0;
    %load/vec4 v000002598b48d9b0_0;
    %assign/vec4 v000002598b4fdf00_0, 0;
    %load/vec4 v000002598b48d7d0_0;
    %assign/vec4 v000002598b4fd000_0, 0;
    %jmp T_9.7;
T_9.3 ;
    %pushi/vec4 1, 0, 1;
    %assign/vec4 v000002598b4fd1e0_0, 0;
    %load/vec4 v000002598b48d9b0_0;
    %assign/vec4 v000002598b4fdf00_0, 0;
    %load/vec4 v000002598b48d7d0_0;
    %assign/vec4 v000002598b4fd000_0, 0;
    %jmp T_9.7;
T_9.4 ;
    %load/vec4 v000002598b4fde60_0;
    %assign/vec4 v000002598b4fdf00_0, 0;
    %load/vec4 v000002598b4fd780_0;
    %assign/vec4 v000002598b4fd000_0, 0;
    %jmp T_9.7;
T_9.5 ;
    %load/vec4 v000002598b4fd820_0;
    %assign/vec4 v000002598b4fdf00_0, 0;
    %load/vec4 v000002598b4fc740_0;
    %assign/vec4 v000002598b4fd000_0, 0;
    %load/vec4 v000002598b4fd280_0;
    %assign/vec4 v000002598b4fd320_0, 0;
    %jmp T_9.7;
T_9.7 ;
    %pop/vec4 1;
T_9.1 ;
    %jmp T_9;
    .thread T_9;
    .scope S_000002598b46c1f0;
T_10 ;
    %pushi/vec4 0, 0, 1;
    %store/vec4 v000002598b4fd5a0_0, 0, 1;
T_10.0 ;
    %delay 10000, 0;
    %load/vec4 v000002598b4fd5a0_0;
    %inv;
    %store/vec4 v000002598b4fd5a0_0, 0, 1;
    %jmp T_10.0;
    %end;
    .thread T_10;
    .scope S_000002598b46c1f0;
T_11 ;
    %pushi/vec4 0, 0, 1;
    %store/vec4 v000002598b4fcc40_0, 0, 1;
    %pushi/vec4 0, 0, 1;
    %store/vec4 v000002598b4fdb40_0, 0, 1;
    %pushi/vec4 0, 0, 1;
    %store/vec4 v000002598b4fcec0_0, 0, 1;
    %pushi/vec4 0, 0, 2;
    %store/vec4 v000002598b4fc560_0, 0, 2;
    %vpi_call 2 59 "$dumpfile", "ALU_top_tb.vcd" {0 0 0};
    %vpi_call 2 60 "$dumpvars", 32'sb00000000000000000000000000000000, S_000002598b46c1f0 {0 0 0};
    %pushi/vec4 1, 0, 1;
    %store/vec4 v000002598b4fcec0_0, 0, 1;
    %delay 20000, 0;
    %pushi/vec4 0, 0, 1;
    %store/vec4 v000002598b4fcec0_0, 0, 1;
    %delay 50000, 0;
    %delay 10000, 0;
    %pushi/vec4 0, 0, 2;
    %store/vec4 v000002598b4fc560_0, 0, 2;
    %pushi/vec4 1, 0, 1;
    %store/vec4 v000002598b4fcc40_0, 0, 1;
    %delay 100000, 0;
    %pushi/vec4 0, 0, 1;
    %store/vec4 v000002598b4fcc40_0, 0, 1;
    %delay 10000, 0;
    %pushi/vec4 1, 0, 1;
    %store/vec4 v000002598b4fdb40_0, 0, 1;
    %delay 100000, 0;
    %pushi/vec4 0, 0, 1;
    %store/vec4 v000002598b4fdb40_0, 0, 1;
    %delay 10000, 0;
    %pushi/vec4 0, 0, 2;
    %store/vec4 v000002598b4fc560_0, 0, 2;
    %pushi/vec4 1, 0, 1;
    %store/vec4 v000002598b4fcc40_0, 0, 1;
    %delay 100000, 0;
    %pushi/vec4 0, 0, 1;
    %store/vec4 v000002598b4fcc40_0, 0, 1;
    %delay 10000, 0;
    %pushi/vec4 1, 0, 1;
    %store/vec4 v000002598b4fdb40_0, 0, 1;
    %delay 100000, 0;
    %pushi/vec4 0, 0, 1;
    %store/vec4 v000002598b4fdb40_0, 0, 1;
    %delay 10000, 0;
    %pushi/vec4 0, 0, 2;
    %store/vec4 v000002598b4fc560_0, 0, 2;
    %pushi/vec4 1, 0, 1;
    %store/vec4 v000002598b4fcc40_0, 0, 1;
    %delay 100000, 0;
    %pushi/vec4 0, 0, 1;
    %store/vec4 v000002598b4fcc40_0, 0, 1;
    %delay 10000, 0;
    %pushi/vec4 1, 0, 1;
    %store/vec4 v000002598b4fdb40_0, 0, 1;
    %delay 100000, 0;
    %pushi/vec4 0, 0, 1;
    %store/vec4 v000002598b4fdb40_0, 0, 1;
    %delay 10000, 0;
    %pushi/vec4 0, 0, 2;
    %store/vec4 v000002598b4fc560_0, 0, 2;
    %pushi/vec4 1, 0, 1;
    %store/vec4 v000002598b4fcc40_0, 0, 1;
    %delay 100000, 0;
    %pushi/vec4 0, 0, 1;
    %store/vec4 v000002598b4fcc40_0, 0, 1;
    %delay 10000, 0;
    %pushi/vec4 1, 0, 1;
    %store/vec4 v000002598b4fdb40_0, 0, 1;
    %delay 100000, 0;
    %pushi/vec4 0, 0, 1;
    %store/vec4 v000002598b4fdb40_0, 0, 1;
    %delay 10000, 0;
    %pushi/vec4 1, 0, 2;
    %store/vec4 v000002598b4fc560_0, 0, 2;
    %pushi/vec4 1, 0, 1;
    %store/vec4 v000002598b4fcc40_0, 0, 1;
    %delay 100000, 0;
    %pushi/vec4 0, 0, 1;
    %store/vec4 v000002598b4fcc40_0, 0, 1;
    %delay 10000, 0;
    %pushi/vec4 1, 0, 1;
    %store/vec4 v000002598b4fdb40_0, 0, 1;
    %delay 100000, 0;
    %pushi/vec4 0, 0, 1;
    %store/vec4 v000002598b4fdb40_0, 0, 1;
    %delay 10000, 0;
    %pushi/vec4 1, 0, 2;
    %store/vec4 v000002598b4fc560_0, 0, 2;
    %pushi/vec4 1, 0, 1;
    %store/vec4 v000002598b4fcc40_0, 0, 1;
    %delay 100000, 0;
    %pushi/vec4 0, 0, 1;
    %store/vec4 v000002598b4fcc40_0, 0, 1;
    %delay 10000, 0;
    %pushi/vec4 1, 0, 1;
    %store/vec4 v000002598b4fdb40_0, 0, 1;
    %delay 100000, 0;
    %pushi/vec4 0, 0, 1;
    %store/vec4 v000002598b4fdb40_0, 0, 1;
    %delay 10000, 0;
    %pushi/vec4 1, 0, 2;
    %store/vec4 v000002598b4fc560_0, 0, 2;
    %pushi/vec4 1, 0, 1;
    %store/vec4 v000002598b4fcc40_0, 0, 1;
    %delay 100000, 0;
    %pushi/vec4 0, 0, 1;
    %store/vec4 v000002598b4fcc40_0, 0, 1;
    %delay 10000, 0;
    %pushi/vec4 1, 0, 1;
    %store/vec4 v000002598b4fdb40_0, 0, 1;
    %delay 100000, 0;
    %pushi/vec4 0, 0, 1;
    %store/vec4 v000002598b4fdb40_0, 0, 1;
    %delay 10000, 0;
    %pushi/vec4 1, 0, 2;
    %store/vec4 v000002598b4fc560_0, 0, 2;
    %pushi/vec4 1, 0, 1;
    %store/vec4 v000002598b4fcc40_0, 0, 1;
    %delay 100000, 0;
    %pushi/vec4 0, 0, 1;
    %store/vec4 v000002598b4fcc40_0, 0, 1;
    %delay 10000, 0;
    %pushi/vec4 1, 0, 1;
    %store/vec4 v000002598b4fdb40_0, 0, 1;
    %delay 100000, 0;
    %pushi/vec4 0, 0, 1;
    %store/vec4 v000002598b4fdb40_0, 0, 1;
    %delay 10000, 0;
    %pushi/vec4 2, 0, 2;
    %store/vec4 v000002598b4fc560_0, 0, 2;
    %pushi/vec4 1, 0, 1;
    %store/vec4 v000002598b4fcc40_0, 0, 1;
    %delay 100000, 0;
    %pushi/vec4 0, 0, 1;
    %store/vec4 v000002598b4fcc40_0, 0, 1;
    %delay 10000, 0;
    %pushi/vec4 1, 0, 1;
    %store/vec4 v000002598b4fdb40_0, 0, 1;
    %delay 100000, 0;
    %pushi/vec4 0, 0, 1;
    %store/vec4 v000002598b4fdb40_0, 0, 1;
    %delay 10000, 0;
    %pushi/vec4 2, 0, 2;
    %store/vec4 v000002598b4fc560_0, 0, 2;
    %pushi/vec4 1, 0, 1;
    %store/vec4 v000002598b4fcc40_0, 0, 1;
    %delay 100000, 0;
    %pushi/vec4 0, 0, 1;
    %store/vec4 v000002598b4fcc40_0, 0, 1;
    %delay 10000, 0;
    %pushi/vec4 1, 0, 1;
    %store/vec4 v000002598b4fdb40_0, 0, 1;
    %delay 100000, 0;
    %pushi/vec4 0, 0, 1;
    %store/vec4 v000002598b4fdb40_0, 0, 1;
    %delay 10000, 0;
    %pushi/vec4 2, 0, 2;
    %store/vec4 v000002598b4fc560_0, 0, 2;
    %pushi/vec4 1, 0, 1;
    %store/vec4 v000002598b4fcc40_0, 0, 1;
    %delay 100000, 0;
    %pushi/vec4 0, 0, 1;
    %store/vec4 v000002598b4fcc40_0, 0, 1;
    %delay 10000, 0;
    %pushi/vec4 1, 0, 1;
    %store/vec4 v000002598b4fdb40_0, 0, 1;
    %delay 100000, 0;
    %pushi/vec4 0, 0, 1;
    %store/vec4 v000002598b4fdb40_0, 0, 1;
    %delay 10000, 0;
    %pushi/vec4 2, 0, 2;
    %store/vec4 v000002598b4fc560_0, 0, 2;
    %pushi/vec4 1, 0, 1;
    %store/vec4 v000002598b4fcc40_0, 0, 1;
    %delay 100000, 0;
    %pushi/vec4 0, 0, 1;
    %store/vec4 v000002598b4fcc40_0, 0, 1;
    %delay 10000, 0;
    %pushi/vec4 1, 0, 1;
    %store/vec4 v000002598b4fdb40_0, 0, 1;
    %delay 100000, 0;
    %pushi/vec4 0, 0, 1;
    %store/vec4 v000002598b4fdb40_0, 0, 1;
    %delay 10000, 0;
    %pushi/vec4 3, 0, 2;
    %store/vec4 v000002598b4fc560_0, 0, 2;
    %pushi/vec4 1, 0, 1;
    %store/vec4 v000002598b4fcc40_0, 0, 1;
    %delay 100000, 0;
    %pushi/vec4 0, 0, 1;
    %store/vec4 v000002598b4fcc40_0, 0, 1;
    %delay 10000, 0;
    %pushi/vec4 1, 0, 1;
    %store/vec4 v000002598b4fdb40_0, 0, 1;
    %delay 100000, 0;
    %pushi/vec4 0, 0, 1;
    %store/vec4 v000002598b4fdb40_0, 0, 1;
    %delay 10000, 0;
    %pushi/vec4 3, 0, 2;
    %store/vec4 v000002598b4fc560_0, 0, 2;
    %pushi/vec4 1, 0, 1;
    %store/vec4 v000002598b4fcc40_0, 0, 1;
    %delay 100000, 0;
    %pushi/vec4 0, 0, 1;
    %store/vec4 v000002598b4fcc40_0, 0, 1;
    %delay 10000, 0;
    %pushi/vec4 1, 0, 1;
    %store/vec4 v000002598b4fdb40_0, 0, 1;
    %delay 100000, 0;
    %pushi/vec4 0, 0, 1;
    %store/vec4 v000002598b4fdb40_0, 0, 1;
    %delay 10000, 0;
    %pushi/vec4 3, 0, 2;
    %store/vec4 v000002598b4fc560_0, 0, 2;
    %pushi/vec4 1, 0, 1;
    %store/vec4 v000002598b4fcc40_0, 0, 1;
    %delay 100000, 0;
    %pushi/vec4 0, 0, 1;
    %store/vec4 v000002598b4fcc40_0, 0, 1;
    %delay 10000, 0;
    %pushi/vec4 1, 0, 1;
    %store/vec4 v000002598b4fdb40_0, 0, 1;
    %delay 100000, 0;
    %pushi/vec4 0, 0, 1;
    %store/vec4 v000002598b4fdb40_0, 0, 1;
    %delay 10000, 0;
    %pushi/vec4 3, 0, 2;
    %store/vec4 v000002598b4fc560_0, 0, 2;
    %pushi/vec4 1, 0, 1;
    %store/vec4 v000002598b4fcc40_0, 0, 1;
    %delay 100000, 0;
    %pushi/vec4 0, 0, 1;
    %store/vec4 v000002598b4fcc40_0, 0, 1;
    %delay 10000, 0;
    %pushi/vec4 1, 0, 1;
    %store/vec4 v000002598b4fdb40_0, 0, 1;
    %delay 100000, 0;
    %pushi/vec4 0, 0, 1;
    %store/vec4 v000002598b4fdb40_0, 0, 1;
    %delay 10000, 0;
    %pushi/vec4 3, 0, 2;
    %store/vec4 v000002598b4fc560_0, 0, 2;
    %pushi/vec4 1, 0, 1;
    %store/vec4 v000002598b4fcc40_0, 0, 1;
    %delay 100000, 0;
    %pushi/vec4 0, 0, 1;
    %store/vec4 v000002598b4fcc40_0, 0, 1;
    %delay 10000, 0;
    %pushi/vec4 1, 0, 1;
    %store/vec4 v000002598b4fdb40_0, 0, 1;
    %delay 100000, 0;
    %pushi/vec4 0, 0, 1;
    %store/vec4 v000002598b4fdb40_0, 0, 1;
    %delay 10000, 0;
    %pushi/vec4 3, 0, 2;
    %store/vec4 v000002598b4fc560_0, 0, 2;
    %pushi/vec4 1, 0, 1;
    %store/vec4 v000002598b4fcc40_0, 0, 1;
    %delay 100000, 0;
    %pushi/vec4 0, 0, 1;
    %store/vec4 v000002598b4fcc40_0, 0, 1;
    %delay 10000, 0;
    %pushi/vec4 1, 0, 1;
    %store/vec4 v000002598b4fdb40_0, 0, 1;
    %delay 100000, 0;
    %pushi/vec4 0, 0, 1;
    %store/vec4 v000002598b4fdb40_0, 0, 1;
    %delay 10000, 0;
    %pushi/vec4 3, 0, 2;
    %store/vec4 v000002598b4fc560_0, 0, 2;
    %pushi/vec4 1, 0, 1;
    %store/vec4 v000002598b4fcc40_0, 0, 1;
    %delay 100000, 0;
    %pushi/vec4 0, 0, 1;
    %store/vec4 v000002598b4fcc40_0, 0, 1;
    %delay 10000, 0;
    %pushi/vec4 1, 0, 1;
    %store/vec4 v000002598b4fdb40_0, 0, 1;
    %delay 100000, 0;
    %pushi/vec4 0, 0, 1;
    %store/vec4 v000002598b4fdb40_0, 0, 1;
    %delay 10000, 0;
    %pushi/vec4 3, 0, 2;
    %store/vec4 v000002598b4fc560_0, 0, 2;
    %pushi/vec4 1, 0, 1;
    %store/vec4 v000002598b4fcc40_0, 0, 1;
    %delay 100000, 0;
    %pushi/vec4 0, 0, 1;
    %store/vec4 v000002598b4fcc40_0, 0, 1;
    %delay 10000, 0;
    %pushi/vec4 1, 0, 1;
    %store/vec4 v000002598b4fdb40_0, 0, 1;
    %delay 100000, 0;
    %pushi/vec4 0, 0, 1;
    %store/vec4 v000002598b4fdb40_0, 0, 1;
    %delay 10000, 0;
    %pushi/vec4 0, 0, 2;
    %store/vec4 v000002598b4fc560_0, 0, 2;
    %pushi/vec4 1, 0, 1;
    %store/vec4 v000002598b4fcc40_0, 0, 1;
    %delay 100000, 0;
    %pushi/vec4 0, 0, 1;
    %store/vec4 v000002598b4fcc40_0, 0, 1;
    %delay 10000, 0;
    %pushi/vec4 1, 0, 1;
    %store/vec4 v000002598b4fdb40_0, 0, 1;
    %delay 100000, 0;
    %pushi/vec4 0, 0, 1;
    %store/vec4 v000002598b4fdb40_0, 0, 1;
    %delay 10000, 0;
    %pushi/vec4 1, 0, 2;
    %store/vec4 v000002598b4fc560_0, 0, 2;
    %pushi/vec4 1, 0, 1;
    %store/vec4 v000002598b4fcc40_0, 0, 1;
    %delay 100000, 0;
    %pushi/vec4 0, 0, 1;
    %store/vec4 v000002598b4fcc40_0, 0, 1;
    %delay 10000, 0;
    %pushi/vec4 1, 0, 1;
    %store/vec4 v000002598b4fdb40_0, 0, 1;
    %delay 100000, 0;
    %pushi/vec4 0, 0, 1;
    %store/vec4 v000002598b4fdb40_0, 0, 1;
    %delay 10000, 0;
    %pushi/vec4 2, 0, 2;
    %store/vec4 v000002598b4fc560_0, 0, 2;
    %pushi/vec4 1, 0, 1;
    %store/vec4 v000002598b4fcc40_0, 0, 1;
    %delay 100000, 0;
    %pushi/vec4 0, 0, 1;
    %store/vec4 v000002598b4fcc40_0, 0, 1;
    %delay 10000, 0;
    %pushi/vec4 1, 0, 1;
    %store/vec4 v000002598b4fdb40_0, 0, 1;
    %delay 100000, 0;
    %pushi/vec4 0, 0, 1;
    %store/vec4 v000002598b4fdb40_0, 0, 1;
    %delay 10000, 0;
    %pushi/vec4 3, 0, 2;
    %store/vec4 v000002598b4fc560_0, 0, 2;
    %pushi/vec4 1, 0, 1;
    %store/vec4 v000002598b4fcc40_0, 0, 1;
    %delay 100000, 0;
    %pushi/vec4 0, 0, 1;
    %store/vec4 v000002598b4fcc40_0, 0, 1;
    %delay 10000, 0;
    %pushi/vec4 1, 0, 1;
    %store/vec4 v000002598b4fdb40_0, 0, 1;
    %delay 100000, 0;
    %pushi/vec4 0, 0, 1;
    %store/vec4 v000002598b4fdb40_0, 0, 1;
    %delay 10000, 0;
    %pushi/vec4 0, 0, 2;
    %store/vec4 v000002598b4fc560_0, 0, 2;
    %pushi/vec4 1, 0, 1;
    %store/vec4 v000002598b4fcc40_0, 0, 1;
    %delay 100000, 0;
    %pushi/vec4 0, 0, 1;
    %store/vec4 v000002598b4fcc40_0, 0, 1;
    %delay 10000, 0;
    %pushi/vec4 1, 0, 1;
    %store/vec4 v000002598b4fdb40_0, 0, 1;
    %delay 100000, 0;
    %pushi/vec4 0, 0, 1;
    %store/vec4 v000002598b4fdb40_0, 0, 1;
    %delay 10000, 0;
    %pushi/vec4 1, 0, 2;
    %store/vec4 v000002598b4fc560_0, 0, 2;
    %pushi/vec4 1, 0, 1;
    %store/vec4 v000002598b4fcc40_0, 0, 1;
    %delay 100000, 0;
    %pushi/vec4 0, 0, 1;
    %store/vec4 v000002598b4fcc40_0, 0, 1;
    %delay 10000, 0;
    %pushi/vec4 1, 0, 1;
    %store/vec4 v000002598b4fdb40_0, 0, 1;
    %delay 100000, 0;
    %pushi/vec4 0, 0, 1;
    %store/vec4 v000002598b4fdb40_0, 0, 1;
    %delay 10000, 0;
    %pushi/vec4 2, 0, 2;
    %store/vec4 v000002598b4fc560_0, 0, 2;
    %pushi/vec4 1, 0, 1;
    %store/vec4 v000002598b4fcc40_0, 0, 1;
    %delay 100000, 0;
    %pushi/vec4 0, 0, 1;
    %store/vec4 v000002598b4fcc40_0, 0, 1;
    %delay 10000, 0;
    %pushi/vec4 1, 0, 1;
    %store/vec4 v000002598b4fdb40_0, 0, 1;
    %delay 100000, 0;
    %pushi/vec4 0, 0, 1;
    %store/vec4 v000002598b4fdb40_0, 0, 1;
    %delay 10000, 0;
    %pushi/vec4 3, 0, 2;
    %store/vec4 v000002598b4fc560_0, 0, 2;
    %pushi/vec4 1, 0, 1;
    %store/vec4 v000002598b4fcc40_0, 0, 1;
    %delay 100000, 0;
    %pushi/vec4 0, 0, 1;
    %store/vec4 v000002598b4fcc40_0, 0, 1;
    %delay 10000, 0;
    %pushi/vec4 1, 0, 1;
    %store/vec4 v000002598b4fdb40_0, 0, 1;
    %delay 100000, 0;
    %pushi/vec4 0, 0, 1;
    %store/vec4 v000002598b4fdb40_0, 0, 1;
    %delay 10000, 0;
    %pushi/vec4 0, 0, 2;
    %store/vec4 v000002598b4fc560_0, 0, 2;
    %pushi/vec4 1, 0, 1;
    %store/vec4 v000002598b4fcc40_0, 0, 1;
    %delay 100000, 0;
    %pushi/vec4 0, 0, 1;
    %store/vec4 v000002598b4fcc40_0, 0, 1;
    %delay 10000, 0;
    %pushi/vec4 1, 0, 1;
    %store/vec4 v000002598b4fdb40_0, 0, 1;
    %delay 100000, 0;
    %pushi/vec4 0, 0, 1;
    %store/vec4 v000002598b4fdb40_0, 0, 1;
    %delay 10000, 0;
    %pushi/vec4 1, 0, 2;
    %store/vec4 v000002598b4fc560_0, 0, 2;
    %pushi/vec4 1, 0, 1;
    %store/vec4 v000002598b4fcc40_0, 0, 1;
    %delay 100000, 0;
    %pushi/vec4 0, 0, 1;
    %store/vec4 v000002598b4fcc40_0, 0, 1;
    %delay 10000, 0;
    %pushi/vec4 1, 0, 1;
    %store/vec4 v000002598b4fdb40_0, 0, 1;
    %delay 100000, 0;
    %pushi/vec4 0, 0, 1;
    %store/vec4 v000002598b4fdb40_0, 0, 1;
    %delay 10000, 0;
    %pushi/vec4 2, 0, 2;
    %store/vec4 v000002598b4fc560_0, 0, 2;
    %pushi/vec4 1, 0, 1;
    %store/vec4 v000002598b4fcc40_0, 0, 1;
    %delay 100000, 0;
    %pushi/vec4 0, 0, 1;
    %store/vec4 v000002598b4fcc40_0, 0, 1;
    %delay 10000, 0;
    %pushi/vec4 1, 0, 1;
    %store/vec4 v000002598b4fdb40_0, 0, 1;
    %delay 100000, 0;
    %pushi/vec4 0, 0, 1;
    %store/vec4 v000002598b4fdb40_0, 0, 1;
    %delay 10000, 0;
    %pushi/vec4 3, 0, 2;
    %store/vec4 v000002598b4fc560_0, 0, 2;
    %pushi/vec4 1, 0, 1;
    %store/vec4 v000002598b4fcc40_0, 0, 1;
    %delay 100000, 0;
    %pushi/vec4 0, 0, 1;
    %store/vec4 v000002598b4fcc40_0, 0, 1;
    %delay 10000, 0;
    %pushi/vec4 1, 0, 1;
    %store/vec4 v000002598b4fdb40_0, 0, 1;
    %delay 100000, 0;
    %pushi/vec4 0, 0, 1;
    %store/vec4 v000002598b4fdb40_0, 0, 1;
    %delay 200000, 0;
    %vpi_call 2 295 "$finish" {0 0 0};
    %end;
    .thread T_11;
# The file index is used to find the file name in the following table.
:file_names 9;
    "N/A";
    "<interactive>";
    "ALU_top_tb.v";
    "./ALU_top.v";
    "./add_sub.v";
    "./divider.v";
    "./hexDisplay.v";
    "./instructions.v";
    "./multiplier.v";
