#! /c/Source/iverilog-install/bin/vvp
:ivl_version "12.0 (devel)" "(s20150603-1539-g2693dd32b)";
:ivl_delay_selection "TYPICAL";
:vpi_time_precision + 0;
:vpi_module "C:\iverilog\lib\ivl\system.vpi";
:vpi_module "C:\iverilog\lib\ivl\vhdl_sys.vpi";
:vpi_module "C:\iverilog\lib\ivl\vhdl_textio.vpi";
:vpi_module "C:\iverilog\lib\ivl\v2005_math.vpi";
:vpi_module "C:\iverilog\lib\ivl\va_math.vpi";
S_000002d05be82830 .scope module, "instructions" "instructions" 2 1;
 .timescale 0 0;
    .port_info 0 /INPUT 1 "clk";
    .port_info 1 /INPUT 1 "loadData";
    .port_info 2 /OUTPUT 32 "A";
    .port_info 3 /OUTPUT 32 "B";
v000002d05be82d80_0 .var "A", 31 0;
v000002d05be829c0 .array "A_mem", 31 0, 31 0;
v000002d05be82a60_0 .var "B", 31 0;
v000002d05be82b00 .array "B_mem", 31 0, 31 0;
o000002d05bec4038 .functor BUFZ 1, C4<z>; HiZ drive
v000002d05beb3df0_0 .net "clk", 0 0, o000002d05bec4038;  0 drivers
v000002d05beb3e90_0 .var "index", 4 0;
o000002d05bec4098 .functor BUFZ 1, C4<z>; HiZ drive
v000002d05beb3f30_0 .net "loadData", 0 0, o000002d05bec4098;  0 drivers
v000002d05beb3fd0_0 .var "loadData_prev", 0 0;
v000002d05beb4070_0 .var "loadData_valid", 0 0;
E_000002d05beaeb10 .event posedge, v000002d05beb3df0_0;
    .scope S_000002d05be82830;
T_0 ;
    %pushi/vec4 1102862462, 0, 32;
    %ix/load 4, 0, 0;
    %flag_set/imm 4, 0;
    %store/vec4a v000002d05be829c0, 4, 0;
    %pushi/vec4 1110736490, 0, 32;
    %ix/load 4, 0, 0;
    %flag_set/imm 4, 0;
    %store/vec4a v000002d05be82b00, 4, 0;
    %pushi/vec4 1113794546, 0, 32;
    %ix/load 4, 1, 0;
    %flag_set/imm 4, 0;
    %store/vec4a v000002d05be829c0, 4, 0;
    %pushi/vec4 3255453061, 0, 32;
    %ix/load 4, 1, 0;
    %flag_set/imm 4, 0;
    %store/vec4a v000002d05be82b00, 4, 0;
    %pushi/vec4 3265122810, 0, 32;
    %ix/load 4, 2, 0;
    %flag_set/imm 4, 0;
    %store/vec4a v000002d05be829c0, 4, 0;
    %pushi/vec4 1095075805, 0, 32;
    %ix/load 4, 2, 0;
    %flag_set/imm 4, 0;
    %store/vec4a v000002d05be82b00, 4, 0;
    %pushi/vec4 3242553508, 0, 32;
    %ix/load 4, 3, 0;
    %flag_set/imm 4, 0;
    %store/vec4a v000002d05be829c0, 4, 0;
    %pushi/vec4 3267725230, 0, 32;
    %ix/load 4, 3, 0;
    %flag_set/imm 4, 0;
    %store/vec4a v000002d05be82b00, 4, 0;
    %pushi/vec4 1120241635, 0, 32;
    %ix/load 4, 4, 0;
    %flag_set/imm 4, 0;
    %store/vec4a v000002d05be829c0, 4, 0;
    %pushi/vec4 1110736477, 0, 32;
    %ix/load 4, 4, 0;
    %flag_set/imm 4, 0;
    %store/vec4a v000002d05be82b00, 4, 0;
    %pushi/vec4 1123477094, 0, 32;
    %ix/load 4, 5, 0;
    %flag_set/imm 4, 0;
    %store/vec4a v000002d05be829c0, 4, 0;
    %pushi/vec4 3263678382, 0, 32;
    %ix/load 4, 5, 0;
    %flag_set/imm 4, 0;
    %store/vec4a v000002d05be82b00, 4, 0;
    %pushi/vec4 3261275832, 0, 32;
    %ix/load 4, 6, 0;
    %flag_set/imm 4, 0;
    %store/vec4a v000002d05be829c0, 4, 0;
    %pushi/vec4 1102813594, 0, 32;
    %ix/load 4, 6, 0;
    %flag_set/imm 4, 0;
    %store/vec4a v000002d05be82b00, 4, 0;
    %pushi/vec4 3250297242, 0, 32;
    %ix/load 4, 7, 0;
    %flag_set/imm 4, 0;
    %store/vec4a v000002d05be829c0, 4, 0;
    %pushi/vec4 3265121485, 0, 32;
    %ix/load 4, 7, 0;
    %flag_set/imm 4, 0;
    %store/vec4a v000002d05be82b00, 4, 0;
    %pushi/vec4 1095075103, 0, 32;
    %ix/load 4, 8, 0;
    %flag_set/imm 4, 0;
    %store/vec4a v000002d05be829c0, 4, 0;
    %pushi/vec4 1116194734, 0, 32;
    %ix/load 4, 8, 0;
    %flag_set/imm 4, 0;
    %store/vec4a v000002d05be82b00, 4, 0;
    %pushi/vec4 1107967345, 0, 32;
    %ix/load 4, 9, 0;
    %flag_set/imm 4, 0;
    %store/vec4a v000002d05be829c0, 4, 0;
    %pushi/vec4 3242553508, 0, 32;
    %ix/load 4, 9, 0;
    %flag_set/imm 4, 0;
    %store/vec4a v000002d05be82b00, 4, 0;
    %pushi/vec4 3265122796, 0, 32;
    %ix/load 4, 10, 0;
    %flag_set/imm 4, 0;
    %store/vec4a v000002d05be829c0, 4, 0;
    %pushi/vec4 1102813594, 0, 32;
    %ix/load 4, 10, 0;
    %flag_set/imm 4, 0;
    %store/vec4a v000002d05be82b00, 4, 0;
    %pushi/vec4 3261275832, 0, 32;
    %ix/load 4, 11, 0;
    %flag_set/imm 4, 0;
    %store/vec4a v000002d05be829c0, 4, 0;
    %pushi/vec4 3255450993, 0, 32;
    %ix/load 4, 11, 0;
    %flag_set/imm 4, 0;
    %store/vec4a v000002d05be82b00, 4, 0;
    %pushi/vec4 1123477881, 0, 32;
    %ix/load 4, 12, 0;
    %flag_set/imm 4, 0;
    %store/vec4a v000002d05be829c0, 4, 0;
    %pushi/vec4 1095069860, 0, 32;
    %ix/load 4, 12, 0;
    %flag_set/imm 4, 0;
    %store/vec4a v000002d05be82b00, 4, 0;
    %pushi/vec4 1110879764, 0, 32;
    %ix/load 4, 13, 0;
    %flag_set/imm 4, 0;
    %store/vec4a v000002d05be829c0, 4, 0;
    %pushi/vec4 3235444163, 0, 32;
    %ix/load 4, 13, 0;
    %flag_set/imm 4, 0;
    %store/vec4a v000002d05be82b00, 4, 0;
    %pushi/vec4 3265122796, 0, 32;
    %ix/load 4, 14, 0;
    %flag_set/imm 4, 0;
    %store/vec4a v000002d05be829c0, 4, 0;
    %pushi/vec4 1102813594, 0, 32;
    %ix/load 4, 14, 0;
    %flag_set/imm 4, 0;
    %store/vec4a v000002d05be82b00, 4, 0;
    %pushi/vec4 3261275832, 0, 32;
    %ix/load 4, 15, 0;
    %flag_set/imm 4, 0;
    %store/vec4a v000002d05be829c0, 4, 0;
    %pushi/vec4 3255450993, 0, 32;
    %ix/load 4, 15, 0;
    %flag_set/imm 4, 0;
    %store/vec4a v000002d05be82b00, 4, 0;
    %pushi/vec4 1095075103, 0, 32;
    %ix/load 4, 16, 0;
    %flag_set/imm 4, 0;
    %store/vec4a v000002d05be829c0, 4, 0;
    %pushi/vec4 0, 0, 32;
    %ix/load 4, 16, 0;
    %flag_set/imm 4, 0;
    %store/vec4a v000002d05be82b00, 4, 0;
    %pushi/vec4 0, 0, 32;
    %ix/load 4, 17, 0;
    %flag_set/imm 4, 0;
    %store/vec4a v000002d05be829c0, 4, 0;
    %pushi/vec4 1095075103, 0, 32;
    %ix/load 4, 17, 0;
    %flag_set/imm 4, 0;
    %store/vec4a v000002d05be82b00, 4, 0;
    %pushi/vec4 0, 0, 32;
    %ix/load 4, 18, 0;
    %flag_set/imm 4, 0;
    %store/vec4a v000002d05be829c0, 4, 0;
    %pushi/vec4 3265122796, 0, 32;
    %ix/load 4, 18, 0;
    %flag_set/imm 4, 0;
    %store/vec4a v000002d05be82b00, 4, 0;
    %pushi/vec4 0, 0, 32;
    %ix/load 4, 19, 0;
    %flag_set/imm 4, 0;
    %store/vec4a v000002d05be829c0, 4, 0;
    %pushi/vec4 0, 0, 32;
    %ix/load 4, 19, 0;
    %flag_set/imm 4, 0;
    %store/vec4a v000002d05be82b00, 4, 0;
    %pushi/vec4 2143289344, 0, 32;
    %ix/load 4, 20, 0;
    %flag_set/imm 4, 0;
    %store/vec4a v000002d05be829c0, 4, 0;
    %pushi/vec4 1095069860, 0, 32;
    %ix/load 4, 20, 0;
    %flag_set/imm 4, 0;
    %store/vec4a v000002d05be82b00, 4, 0;
    %pushi/vec4 2143289344, 0, 32;
    %ix/load 4, 21, 0;
    %flag_set/imm 4, 0;
    %store/vec4a v000002d05be829c0, 4, 0;
    %pushi/vec4 1110879764, 0, 32;
    %ix/load 4, 21, 0;
    %flag_set/imm 4, 0;
    %store/vec4a v000002d05be82b00, 4, 0;
    %pushi/vec4 2143289344, 0, 32;
    %ix/load 4, 22, 0;
    %flag_set/imm 4, 0;
    %store/vec4a v000002d05be829c0, 4, 0;
    %pushi/vec4 1117639148, 0, 32;
    %ix/load 4, 22, 0;
    %flag_set/imm 4, 0;
    %store/vec4a v000002d05be82b00, 4, 0;
    %pushi/vec4 2143289344, 0, 32;
    %ix/load 4, 23, 0;
    %flag_set/imm 4, 0;
    %store/vec4a v000002d05be829c0, 4, 0;
    %pushi/vec4 1102813594, 0, 32;
    %ix/load 4, 23, 0;
    %flag_set/imm 4, 0;
    %store/vec4a v000002d05be82b00, 4, 0;
    %pushi/vec4 2139095040, 0, 32;
    %ix/load 4, 24, 0;
    %flag_set/imm 4, 0;
    %store/vec4a v000002d05be829c0, 4, 0;
    %pushi/vec4 1095069860, 0, 32;
    %ix/load 4, 24, 0;
    %flag_set/imm 4, 0;
    %store/vec4a v000002d05be82b00, 4, 0;
    %pushi/vec4 2139095040, 0, 32;
    %ix/load 4, 25, 0;
    %flag_set/imm 4, 0;
    %store/vec4a v000002d05be829c0, 4, 0;
    %pushi/vec4 1110879764, 0, 32;
    %ix/load 4, 25, 0;
    %flag_set/imm 4, 0;
    %store/vec4a v000002d05be82b00, 4, 0;
    %pushi/vec4 2139095040, 0, 32;
    %ix/load 4, 26, 0;
    %flag_set/imm 4, 0;
    %store/vec4a v000002d05be829c0, 4, 0;
    %pushi/vec4 3265122796, 0, 32;
    %ix/load 4, 26, 0;
    %flag_set/imm 4, 0;
    %store/vec4a v000002d05be82b00, 4, 0;
    %pushi/vec4 2139095040, 0, 32;
    %ix/load 4, 27, 0;
    %flag_set/imm 4, 0;
    %store/vec4a v000002d05be829c0, 4, 0;
    %pushi/vec4 1102813594, 0, 32;
    %ix/load 4, 27, 0;
    %flag_set/imm 4, 0;
    %store/vec4a v000002d05be82b00, 4, 0;
    %pushi/vec4 1073741824, 0, 32;
    %ix/load 4, 28, 0;
    %flag_set/imm 4, 0;
    %store/vec4a v000002d05be829c0, 4, 0;
    %pushi/vec4 1082130432, 0, 32;
    %ix/load 4, 28, 0;
    %flag_set/imm 4, 0;
    %store/vec4a v000002d05be82b00, 4, 0;
    %pushi/vec4 1090519040, 0, 32;
    %ix/load 4, 29, 0;
    %flag_set/imm 4, 0;
    %store/vec4a v000002d05be829c0, 4, 0;
    %pushi/vec4 1073741824, 0, 32;
    %ix/load 4, 29, 0;
    %flag_set/imm 4, 0;
    %store/vec4a v000002d05be82b00, 4, 0;
    %pushi/vec4 1086324736, 0, 32;
    %ix/load 4, 30, 0;
    %flag_set/imm 4, 0;
    %store/vec4a v000002d05be829c0, 4, 0;
    %pushi/vec4 1082130432, 0, 32;
    %ix/load 4, 30, 0;
    %flag_set/imm 4, 0;
    %store/vec4a v000002d05be82b00, 4, 0;
    %pushi/vec4 1098907648, 0, 32;
    %ix/load 4, 31, 0;
    %flag_set/imm 4, 0;
    %store/vec4a v000002d05be829c0, 4, 0;
    %pushi/vec4 1082130432, 0, 32;
    %ix/load 4, 31, 0;
    %flag_set/imm 4, 0;
    %store/vec4a v000002d05be82b00, 4, 0;
    %pushi/vec4 0, 0, 5;
    %store/vec4 v000002d05beb3e90_0, 0, 5;
    %pushi/vec4 0, 0, 32;
    %store/vec4 v000002d05be82d80_0, 0, 32;
    %pushi/vec4 0, 0, 32;
    %store/vec4 v000002d05be82a60_0, 0, 32;
    %pushi/vec4 0, 0, 1;
    %store/vec4 v000002d05beb3fd0_0, 0, 1;
    %pushi/vec4 0, 0, 1;
    %store/vec4 v000002d05beb4070_0, 0, 1;
    %end;
    .thread T_0;
    .scope S_000002d05be82830;
T_1 ;
    %wait E_000002d05beaeb10;
    %load/vec4 v000002d05beb3f30_0;
    %flag_set/vec4 9;
    %flag_get/vec4 9;
    %jmp/0 T_1.2, 9;
    %load/vec4 v000002d05beb3fd0_0;
    %nor/r;
    %and;
T_1.2;
    %flag_set/vec4 8;
    %jmp/0xz  T_1.0, 8;
    %pushi/vec4 1, 0, 1;
    %assign/vec4 v000002d05beb4070_0, 0;
T_1.0 ;
    %load/vec4 v000002d05beb3f30_0;
    %assign/vec4 v000002d05beb3fd0_0, 0;
    %load/vec4 v000002d05beb4070_0;
    %flag_set/vec4 8;
    %jmp/0xz  T_1.3, 8;
    %load/vec4 v000002d05beb3e90_0;
    %pad/u 7;
    %ix/vec4 4;
    %load/vec4a v000002d05be829c0, 4;
    %assign/vec4 v000002d05be82d80_0, 0;
    %load/vec4 v000002d05beb3e90_0;
    %pad/u 7;
    %ix/vec4 4;
    %load/vec4a v000002d05be82b00, 4;
    %assign/vec4 v000002d05be82a60_0, 0;
    %load/vec4 v000002d05beb3e90_0;
    %addi 1, 0, 5;
    %assign/vec4 v000002d05beb3e90_0, 0;
    %load/vec4 v000002d05beb3e90_0;
    %pad/u 32;
    %cmpi/e 31, 0, 32;
    %jmp/0xz  T_1.5, 4;
    %pushi/vec4 0, 0, 5;
    %assign/vec4 v000002d05beb3e90_0, 0;
T_1.5 ;
    %pushi/vec4 0, 0, 1;
    %assign/vec4 v000002d05beb4070_0, 0;
T_1.3 ;
    %jmp T_1;
    .thread T_1;
# The file index is used to find the file name in the following table.
:file_names 3;
    "N/A";
    "<interactive>";
    "instructions.v";
