#! /c/Source/iverilog-install/bin/vvp
:ivl_version "12.0 (devel)" "(s20150603-1539-g2693dd32b)";
:ivl_delay_selection "TYPICAL";
:vpi_time_precision + 0;
:vpi_module "C:\iverilog\lib\ivl\system.vpi";
:vpi_module "C:\iverilog\lib\ivl\vhdl_sys.vpi";
:vpi_module "C:\iverilog\lib\ivl\vhdl_textio.vpi";
:vpi_module "C:\iverilog\lib\ivl\v2005_math.vpi";
:vpi_module "C:\iverilog\lib\ivl\va_math.vpi";
S_00000276a61ebc00 .scope module, "instructions" "instructions" 2 1;
 .timescale 0 0;
    .port_info 0 /INPUT 1 "clk";
    .port_info 1 /INPUT 1 "loadData";
    .port_info 2 /OUTPUT 32 "A";
    .port_info 3 /OUTPUT 32 "B";
v00000276a6272d80_0 .var "A", 31 0;
v00000276a6272b20 .array "A_mem", 15 0, 31 0;
v00000276a61ebd90_0 .var "B", 31 0;
v00000276a61ebe30 .array "B_mem", 15 0, 31 0;
o00000276a62ae038 .functor BUFZ 1, C4<z>; HiZ drive
v00000276a62a40b0_0 .net "clk", 0 0, o00000276a62ae038;  0 drivers
v00000276a62a4150_0 .var "index", 3 0;
o00000276a62ae098 .functor BUFZ 1, C4<z>; HiZ drive
v00000276a62a41f0_0 .net "loadData", 0 0, o00000276a62ae098;  0 drivers
v00000276a62a4290_0 .var "loadData_prev", 0 0;
v00000276a62a4330_0 .var "loadData_valid", 0 0;
E_00000276a61eb7a0 .event posedge, v00000276a62a40b0_0;
    .scope S_00000276a61ebc00;
T_0 ;
    %pushi/vec4 1075274423, 0, 32;
    %ix/load 4, 0, 0;
    %flag_set/imm 4, 0;
    %store/vec4a v00000276a6272b20, 4, 0;
    %pushi/vec4 1130454704, 0, 32;
    %ix/load 4, 0, 0;
    %flag_set/imm 4, 0;
    %store/vec4a v00000276a61ebe30, 4, 0;
    %pushi/vec4 3286509847, 0, 32;
    %ix/load 4, 1, 0;
    %flag_set/imm 4, 0;
    %store/vec4a v00000276a6272b20, 4, 0;
    %pushi/vec4 3323419981, 0, 32;
    %ix/load 4, 1, 0;
    %flag_set/imm 4, 0;
    %store/vec4a v00000276a61ebe30, 4, 0;
    %pushi/vec4 1065353216, 0, 32;
    %ix/load 4, 2, 0;
    %flag_set/imm 4, 0;
    %store/vec4a v00000276a6272b20, 4, 0;
    %pushi/vec4 1073741824, 0, 32;
    %ix/load 4, 2, 0;
    %flag_set/imm 4, 0;
    %store/vec4a v00000276a61ebe30, 4, 0;
    %pushi/vec4 2139095040, 0, 32;
    %ix/load 4, 3, 0;
    %flag_set/imm 4, 0;
    %store/vec4a v00000276a6272b20, 4, 0;
    %pushi/vec4 2143289344, 0, 32;
    %ix/load 4, 3, 0;
    %flag_set/imm 4, 0;
    %store/vec4a v00000276a61ebe30, 4, 0;
    %pushi/vec4 1080682978, 0, 32;
    %ix/load 4, 4, 0;
    %flag_set/imm 4, 0;
    %store/vec4a v00000276a6272b20, 4, 0;
    %pushi/vec4 1119926066, 0, 32;
    %ix/load 4, 4, 0;
    %flag_set/imm 4, 0;
    %store/vec4a v00000276a61ebe30, 4, 0;
    %pushi/vec4 3294631058, 0, 32;
    %ix/load 4, 5, 0;
    %flag_set/imm 4, 0;
    %store/vec4a v00000276a6272b20, 4, 0;
    %pushi/vec4 3199931829, 0, 32;
    %ix/load 4, 5, 0;
    %flag_set/imm 4, 0;
    %store/vec4a v00000276a61ebe30, 4, 0;
    %pushi/vec4 3267672854, 0, 32;
    %ix/load 4, 6, 0;
    %flag_set/imm 4, 0;
    %store/vec4a v00000276a6272b20, 4, 0;
    %pushi/vec4 1139026213, 0, 32;
    %ix/load 4, 6, 0;
    %flag_set/imm 4, 0;
    %store/vec4a v00000276a61ebe30, 4, 0;
    %pushi/vec4 1117567713, 0, 32;
    %ix/load 4, 7, 0;
    %flag_set/imm 4, 0;
    %store/vec4a v00000276a6272b20, 4, 0;
    %pushi/vec4 3250061312, 0, 32;
    %ix/load 4, 7, 0;
    %flag_set/imm 4, 0;
    %store/vec4a v00000276a61ebe30, 4, 0;
    %pushi/vec4 2139095040, 0, 32;
    %ix/load 4, 8, 0;
    %flag_set/imm 4, 0;
    %store/vec4a v00000276a6272b20, 4, 0;
    %pushi/vec4 1138928075, 0, 32;
    %ix/load 4, 8, 0;
    %flag_set/imm 4, 0;
    %store/vec4a v00000276a61ebe30, 4, 0;
    %pushi/vec4 0, 0, 32;
    %ix/load 4, 9, 0;
    %flag_set/imm 4, 0;
    %store/vec4a v00000276a6272b20, 4, 0;
    %pushi/vec4 0, 0, 32;
    %ix/load 4, 9, 0;
    %flag_set/imm 4, 0;
    %store/vec4a v00000276a61ebe30, 4, 0;
    %pushi/vec4 1083256435, 0, 32;
    %ix/load 4, 10, 0;
    %flag_set/imm 4, 0;
    %store/vec4a v00000276a6272b20, 4, 0;
    %pushi/vec4 0, 0, 32;
    %ix/load 4, 10, 0;
    %flag_set/imm 4, 0;
    %store/vec4a v00000276a61ebe30, 4, 0;
    %pushi/vec4 0, 0, 32;
    %ix/load 4, 11, 0;
    %flag_set/imm 4, 0;
    %store/vec4a v00000276a6272b20, 4, 0;
    %pushi/vec4 1050974129, 0, 32;
    %ix/load 4, 11, 0;
    %flag_set/imm 4, 0;
    %store/vec4a v00000276a61ebe30, 4, 0;
    %pushi/vec4 0, 0, 4;
    %store/vec4 v00000276a62a4150_0, 0, 4;
    %pushi/vec4 0, 0, 32;
    %store/vec4 v00000276a6272d80_0, 0, 32;
    %pushi/vec4 0, 0, 32;
    %store/vec4 v00000276a61ebd90_0, 0, 32;
    %pushi/vec4 0, 0, 1;
    %store/vec4 v00000276a62a4290_0, 0, 1;
    %pushi/vec4 0, 0, 1;
    %store/vec4 v00000276a62a4330_0, 0, 1;
    %end;
    .thread T_0;
    .scope S_00000276a61ebc00;
T_1 ;
    %wait E_00000276a61eb7a0;
    %load/vec4 v00000276a62a41f0_0;
    %flag_set/vec4 9;
    %flag_get/vec4 9;
    %jmp/0 T_1.2, 9;
    %load/vec4 v00000276a62a4290_0;
    %nor/r;
    %and;
T_1.2;
    %flag_set/vec4 8;
    %jmp/0xz  T_1.0, 8;
    %pushi/vec4 1, 0, 1;
    %assign/vec4 v00000276a62a4330_0, 0;
T_1.0 ;
    %load/vec4 v00000276a62a41f0_0;
    %assign/vec4 v00000276a62a4290_0, 0;
    %load/vec4 v00000276a62a4330_0;
    %flag_set/vec4 8;
    %jmp/0xz  T_1.3, 8;
    %load/vec4 v00000276a62a4150_0;
    %pad/u 6;
    %ix/vec4 4;
    %load/vec4a v00000276a6272b20, 4;
    %assign/vec4 v00000276a6272d80_0, 0;
    %load/vec4 v00000276a62a4150_0;
    %pad/u 6;
    %ix/vec4 4;
    %load/vec4a v00000276a61ebe30, 4;
    %assign/vec4 v00000276a61ebd90_0, 0;
    %load/vec4 v00000276a62a4150_0;
    %addi 1, 0, 4;
    %assign/vec4 v00000276a62a4150_0, 0;
    %load/vec4 v00000276a62a4150_0;
    %pad/u 32;
    %cmpi/e 11, 0, 32;
    %jmp/0xz  T_1.5, 4;
    %pushi/vec4 0, 0, 4;
    %assign/vec4 v00000276a62a4150_0, 0;
T_1.5 ;
    %pushi/vec4 0, 0, 1;
    %assign/vec4 v00000276a62a4330_0, 0;
T_1.3 ;
    %jmp T_1;
    .thread T_1;
# The file index is used to find the file name in the following table.
:file_names 3;
    "N/A";
    "<interactive>";
    "instruction_mem.v";
