#! /c/Source/iverilog-install/bin/vvp
:ivl_version "12.0 (devel)" "(s20150603-1539-g2693dd32b)";
:ivl_delay_selection "TYPICAL";
:vpi_time_precision - 9;
:vpi_module "C:\iverilog\lib\ivl\system.vpi";
:vpi_module "C:\iverilog\lib\ivl\vhdl_sys.vpi";
:vpi_module "C:\iverilog\lib\ivl\vhdl_textio.vpi";
:vpi_module "C:\iverilog\lib\ivl\v2005_math.vpi";
:vpi_module "C:\iverilog\lib\ivl\va_math.vpi";
S_000002ae4247e510 .scope module, "divider_tb" "divider_tb" 2 4;
 .timescale -8 -9;
v000002ae42471d00_0 .var "DD", 31 0;
v000002ae42471ee0_0 .var "DS", 31 0;
v000002ae42471da0_0 .var "control", 0 0;
v000002ae42470fe0_0 .net "exception", 0 0, v000002ae4247e8d0_0;  1 drivers
v000002ae42471b20_0 .net "out", 31 0, v000002ae424d63f0_0;  1 drivers
v000002ae424713a0_0 .var "reset", 0 0;
v000002ae42471bc0_0 .net "zeroDiv", 0 0, v000002ae42471c60_0;  1 drivers
S_000002ae4247e6a0 .scope module, "uut" "divider" 2 15, 3 1 0, S_000002ae4247e510;
 .timescale -8 -9;
    .port_info 0 /INPUT 32 "DD";
    .port_info 1 /INPUT 32 "DS";
    .port_info 2 /INPUT 1 "control";
    .port_info 3 /INPUT 1 "reset";
    .port_info 4 /OUTPUT 32 "out";
    .port_info 5 /OUTPUT 1 "exception";
    .port_info 6 /OUTPUT 1 "zeroDiv";
v000002ae42467350_0 .net "DD", 31 0, v000002ae42471d00_0;  1 drivers
v000002ae42426f10_0 .net "DS", 31 0, v000002ae42471ee0_0;  1 drivers
v000002ae4247e830_0 .net "control", 0 0, v000002ae42471da0_0;  1 drivers
v000002ae4247e8d0_0 .var "exception", 0 0;
v000002ae424d6030_0 .var "exp_DD", 7 0;
v000002ae424d60d0_0 .var "exp_DS", 7 0;
v000002ae424d6170_0 .var "exp_out", 7 0;
v000002ae424d6210_0 .var/i "i", 31 0;
v000002ae424d62b0_0 .var "mant_DD", 23 0;
v000002ae424d6350_0 .var "mant_DS", 23 0;
v000002ae424d63f0_0 .var "out", 31 0;
v000002ae424d6490_0 .var "quotient", 23 0;
v000002ae424d6530_0 .var "remainder", 47 0;
v000002ae424d65d0_0 .net "reset", 0 0, v000002ae424713a0_0;  1 drivers
v000002ae424d6670_0 .var "sign", 0 0;
v000002ae42471c60_0 .var "zeroDiv", 0 0;
E_000002ae4242b360 .event posedge, v000002ae424d65d0_0, v000002ae4247e830_0;
    .scope S_000002ae4247e6a0;
T_0 ;
    %wait E_000002ae4242b360;
    %load/vec4 v000002ae424d65d0_0;
    %flag_set/vec4 8;
    %jmp/0xz  T_0.0, 8;
    %pushi/vec4 0, 0, 32;
    %assign/vec4 v000002ae424d63f0_0, 0;
    %pushi/vec4 0, 0, 1;
    %assign/vec4 v000002ae4247e8d0_0, 0;
    %pushi/vec4 0, 0, 1;
    %assign/vec4 v000002ae42471c60_0, 0;
    %jmp T_0.1;
T_0.0 ;
    %load/vec4 v000002ae42467350_0;
    %parti/s 1, 31, 6;
    %load/vec4 v000002ae42426f10_0;
    %parti/s 1, 31, 6;
    %xor;
    %store/vec4 v000002ae424d6670_0, 0, 1;
    %load/vec4 v000002ae42467350_0;
    %parti/s 8, 23, 6;
    %store/vec4 v000002ae424d6030_0, 0, 8;
    %load/vec4 v000002ae42426f10_0;
    %parti/s 8, 23, 6;
    %store/vec4 v000002ae424d60d0_0, 0, 8;
    %pushi/vec4 1, 0, 1;
    %load/vec4 v000002ae42467350_0;
    %parti/s 23, 0, 2;
    %concat/vec4; draw_concat_vec4
    %store/vec4 v000002ae424d62b0_0, 0, 24;
    %pushi/vec4 1, 0, 1;
    %load/vec4 v000002ae42426f10_0;
    %parti/s 23, 0, 2;
    %concat/vec4; draw_concat_vec4
    %store/vec4 v000002ae424d6350_0, 0, 24;
    %load/vec4 v000002ae42426f10_0;
    %cmpi/e 0, 0, 32;
    %jmp/0xz  T_0.2, 4;
    %load/vec4 v000002ae424d6670_0;
    %concati/vec4 255, 0, 8;
    %concati/vec4 0, 0, 23;
    %assign/vec4 v000002ae424d63f0_0, 0;
    %pushi/vec4 0, 0, 1;
    %assign/vec4 v000002ae4247e8d0_0, 0;
    %pushi/vec4 1, 0, 1;
    %assign/vec4 v000002ae42471c60_0, 0;
T_0.2 ;
    %load/vec4 v000002ae424d6030_0;
    %load/vec4 v000002ae424d60d0_0;
    %sub;
    %addi 127, 0, 8;
    %store/vec4 v000002ae424d6170_0, 0, 8;
    %load/vec4 v000002ae424d62b0_0;
    %pad/u 48;
    %ix/load 4, 24, 0;
    %flag_set/imm 4, 0;
    %shiftl 4;
    %store/vec4 v000002ae424d6530_0, 0, 48;
    %pushi/vec4 0, 0, 24;
    %store/vec4 v000002ae424d6490_0, 0, 24;
    %pushi/vec4 0, 0, 32;
    %store/vec4 v000002ae424d6210_0, 0, 32;
T_0.4 ;
    %load/vec4 v000002ae424d6210_0;
    %cmpi/s 24, 0, 32;
    %jmp/0xz T_0.5, 5;
    %load/vec4 v000002ae424d6530_0;
    %ix/load 4, 1, 0;
    %flag_set/imm 4, 0;
    %shiftl 4;
    %store/vec4 v000002ae424d6530_0, 0, 48;
    %load/vec4 v000002ae424d6350_0;
    %load/vec4 v000002ae424d6530_0;
    %parti/s 24, 24, 6;
    %cmp/u;
    %flag_or 5, 4;
    %jmp/0xz  T_0.6, 5;
    %load/vec4 v000002ae424d6530_0;
    %parti/s 24, 24, 6;
    %load/vec4 v000002ae424d6350_0;
    %sub;
    %ix/load 4, 24, 0;
    %flag_set/imm 4, 0;
    %store/vec4 v000002ae424d6530_0, 4, 24;
    %load/vec4 v000002ae424d6490_0;
    %ix/load 4, 1, 0;
    %flag_set/imm 4, 0;
    %shiftl 4;
    %pushi/vec4 1, 0, 24;
    %or;
    %store/vec4 v000002ae424d6490_0, 0, 24;
    %jmp T_0.7;
T_0.6 ;
    %load/vec4 v000002ae424d6490_0;
    %ix/load 4, 1, 0;
    %flag_set/imm 4, 0;
    %shiftl 4;
    %store/vec4 v000002ae424d6490_0, 0, 24;
T_0.7 ;
    %load/vec4 v000002ae424d6210_0;
    %addi 1, 0, 32;
    %store/vec4 v000002ae424d6210_0, 0, 32;
    %jmp T_0.4;
T_0.5 ;
    %load/vec4 v000002ae424d6490_0;
    %parti/s 1, 23, 6;
    %pad/u 32;
    %cmpi/e 0, 0, 32;
    %jmp/0xz  T_0.8, 4;
    %load/vec4 v000002ae424d6490_0;
    %ix/load 4, 1, 0;
    %flag_set/imm 4, 0;
    %shiftl 4;
    %store/vec4 v000002ae424d6490_0, 0, 24;
    %load/vec4 v000002ae424d6170_0;
    %subi 1, 0, 8;
    %store/vec4 v000002ae424d6170_0, 0, 8;
T_0.8 ;
    %load/vec4 v000002ae424d6170_0;
    %pad/u 32;
    %cmpi/u 255, 0, 32;
    %flag_inv 5; GE is !LT
    %jmp/0xz  T_0.10, 5;
    %load/vec4 v000002ae424d6670_0;
    %concati/vec4 255, 0, 8;
    %concati/vec4 0, 0, 23;
    %assign/vec4 v000002ae424d63f0_0, 0;
    %pushi/vec4 1, 0, 1;
    %assign/vec4 v000002ae4247e8d0_0, 0;
    %jmp T_0.11;
T_0.10 ;
    %load/vec4 v000002ae424d6170_0;
    %pad/u 32;
    %cmpi/u 0, 0, 32;
    %flag_or 5, 4;
    %jmp/0xz  T_0.12, 5;
    %load/vec4 v000002ae424d6670_0;
    %concati/vec4 0, 0, 8;
    %concati/vec4 0, 0, 23;
    %assign/vec4 v000002ae424d63f0_0, 0;
    %pushi/vec4 1, 0, 1;
    %assign/vec4 v000002ae4247e8d0_0, 0;
    %jmp T_0.13;
T_0.12 ;
    %load/vec4 v000002ae424d6670_0;
    %load/vec4 v000002ae424d6170_0;
    %concat/vec4; draw_concat_vec4
    %load/vec4 v000002ae424d6490_0;
    %parti/s 23, 0, 2;
    %concat/vec4; draw_concat_vec4
    %assign/vec4 v000002ae424d63f0_0, 0;
    %pushi/vec4 0, 0, 1;
    %assign/vec4 v000002ae4247e8d0_0, 0;
T_0.13 ;
T_0.11 ;
T_0.1 ;
    %jmp T_0;
    .thread T_0;
    .scope S_000002ae4247e510;
T_1 ;
    %pushi/vec4 0, 0, 1;
    %store/vec4 v000002ae42471da0_0, 0, 1;
T_1.0 ;
    %delay 100, 0;
    %load/vec4 v000002ae42471da0_0;
    %inv;
    %store/vec4 v000002ae42471da0_0, 0, 1;
    %jmp T_1.0;
    %end;
    .thread T_1;
    .scope S_000002ae4247e510;
T_2 ;
    %vpi_call 2 33 "$dumpfile", "divider_tb.vcd" {0 0 0};
    %vpi_call 2 34 "$dumpvars", 32'sb00000000000000000000000000000000, S_000002ae4247e510 {0 0 0};
    %pushi/vec4 0, 0, 1;
    %store/vec4 v000002ae424713a0_0, 0, 1;
    %pushi/vec4 0, 0, 32;
    %store/vec4 v000002ae42471d00_0, 0, 32;
    %pushi/vec4 0, 0, 32;
    %store/vec4 v000002ae42471ee0_0, 0, 32;
    %delay 50, 0;
    %pushi/vec4 1, 0, 1;
    %store/vec4 v000002ae424713a0_0, 0, 1;
    %delay 50, 0;
    %pushi/vec4 0, 0, 1;
    %store/vec4 v000002ae424713a0_0, 0, 1;
    %pushi/vec4 1083179008, 0, 32;
    %store/vec4 v000002ae42471d00_0, 0, 32;
    %pushi/vec4 1069547520, 0, 32;
    %store/vec4 v000002ae42471ee0_0, 0, 32;
    %delay 200, 0;
    %delay 50, 0;
    %pushi/vec4 1086324736, 0, 32;
    %store/vec4 v000002ae42471d00_0, 0, 32;
    %pushi/vec4 1077936128, 0, 32;
    %store/vec4 v000002ae42471ee0_0, 0, 32;
    %delay 200, 0;
    %delay 50, 0;
    %pushi/vec4 1077936128, 0, 32;
    %store/vec4 v000002ae42471d00_0, 0, 32;
    %pushi/vec4 0, 0, 32;
    %store/vec4 v000002ae42471ee0_0, 0, 32;
    %delay 200, 0;
    %delay 50, 0;
    %pushi/vec4 0, 0, 32;
    %store/vec4 v000002ae42471d00_0, 0, 32;
    %pushi/vec4 1077936128, 0, 32;
    %store/vec4 v000002ae42471ee0_0, 0, 32;
    %delay 200, 0;
    %delay 50, 0;
    %pushi/vec4 3230662656, 0, 32;
    %store/vec4 v000002ae42471d00_0, 0, 32;
    %pushi/vec4 1069547520, 0, 32;
    %store/vec4 v000002ae42471ee0_0, 0, 32;
    %delay 200, 0;
    %delay 50, 0;
    %pushi/vec4 3233808384, 0, 32;
    %store/vec4 v000002ae42471d00_0, 0, 32;
    %pushi/vec4 0, 0, 32;
    %store/vec4 v000002ae42471ee0_0, 0, 32;
    %delay 200, 0;
    %delay 50, 0;
    %pushi/vec4 0, 0, 32;
    %store/vec4 v000002ae42471d00_0, 0, 32;
    %pushi/vec4 3225419776, 0, 32;
    %store/vec4 v000002ae42471ee0_0, 0, 32;
    %delay 200, 0;
    %delay 50, 0;
    %delay 50, 0;
    %vpi_call 2 86 "$finish" {0 0 0};
    %end;
    .thread T_2;
    .scope S_000002ae4247e510;
T_3 ;
    %vpi_call 2 91 "$monitor", "Time: %0t | DD: %h | DS: %h | Out: %h | Exception: %b | ZeroDiv: %b", $time, v000002ae42471d00_0, v000002ae42471ee0_0, v000002ae42471b20_0, v000002ae42470fe0_0, v000002ae42471bc0_0 {0 0 0};
    %end;
    .thread T_3;
# The file index is used to find the file name in the following table.
:file_names 4;
    "N/A";
    "<interactive>";
    "divider_tb.v";
    "./divider.v";
