#! /c/Source/iverilog-install/bin/vvp
:ivl_version "12.0 (devel)" "(s20150603-1539-g2693dd32b)";
:ivl_delay_selection "TYPICAL";
:vpi_time_precision - 12;
:vpi_module "C:\iverilog\lib\ivl\system.vpi";
:vpi_module "C:\iverilog\lib\ivl\vhdl_sys.vpi";
:vpi_module "C:\iverilog\lib\ivl\vhdl_textio.vpi";
:vpi_module "C:\iverilog\lib\ivl\v2005_math.vpi";
:vpi_module "C:\iverilog\lib\ivl\va_math.vpi";
S_0000019f6032b510 .scope module, "instructions_tb" "instructions_tb" 2 3;
 .timescale -9 -12;
v0000019f6032ba90_0 .net "A", 31 0, v0000019f60342de0_0;  1 drivers
v0000019f6032bb30_0 .net "B", 31 0, v0000019f6032b6a0_0;  1 drivers
v0000019f6032bbd0_0 .var "clk", 0 0;
v0000019f603745d0_0 .var "loadData", 0 0;
S_0000019f60377950 .scope module, "uut" "instructions" 2 11, 3 1 0, S_0000019f6032b510;
 .timescale -9 -12;
    .port_info 0 /INPUT 1 "clk";
    .port_info 1 /INPUT 1 "loadData";
    .port_info 2 /OUTPUT 32 "A";
    .port_info 3 /OUTPUT 32 "B";
v0000019f60342de0_0 .var "A", 31 0;
v0000019f60342b60 .array "A_mem", 15 0, 31 0;
v0000019f6032b6a0_0 .var "B", 31 0;
v0000019f6032a3f0 .array "B_mem", 15 0, 31 0;
v0000019f60377ae0_0 .net "clk", 0 0, v0000019f6032bbd0_0;  1 drivers
v0000019f60377b80_0 .var "index", 3 0;
v0000019f60377c20_0 .net "loadData", 0 0, v0000019f603745d0_0;  1 drivers
v0000019f60377cc0_0 .var "loadData_prev", 0 0;
v0000019f6032b9f0_0 .var "loadData_valid", 0 0;
E_0000019f6032a750 .event posedge, v0000019f60377ae0_0;
    .scope S_0000019f60377950;
T_0 ;
    %pushi/vec4 1, 0, 32;
    %ix/load 4, 0, 0;
    %flag_set/imm 4, 0;
    %store/vec4a v0000019f60342b60, 4, 0;
    %pushi/vec4 2, 0, 32;
    %ix/load 4, 0, 0;
    %flag_set/imm 4, 0;
    %store/vec4a v0000019f6032a3f0, 4, 0;
    %pushi/vec4 3, 0, 32;
    %ix/load 4, 1, 0;
    %flag_set/imm 4, 0;
    %store/vec4a v0000019f60342b60, 4, 0;
    %pushi/vec4 4, 0, 32;
    %ix/load 4, 1, 0;
    %flag_set/imm 4, 0;
    %store/vec4a v0000019f6032a3f0, 4, 0;
    %pushi/vec4 5, 0, 32;
    %ix/load 4, 2, 0;
    %flag_set/imm 4, 0;
    %store/vec4a v0000019f60342b60, 4, 0;
    %pushi/vec4 6, 0, 32;
    %ix/load 4, 2, 0;
    %flag_set/imm 4, 0;
    %store/vec4a v0000019f6032a3f0, 4, 0;
    %pushi/vec4 7, 0, 32;
    %ix/load 4, 3, 0;
    %flag_set/imm 4, 0;
    %store/vec4a v0000019f60342b60, 4, 0;
    %pushi/vec4 8, 0, 32;
    %ix/load 4, 3, 0;
    %flag_set/imm 4, 0;
    %store/vec4a v0000019f6032a3f0, 4, 0;
    %pushi/vec4 0, 0, 4;
    %store/vec4 v0000019f60377b80_0, 0, 4;
    %pushi/vec4 0, 0, 32;
    %store/vec4 v0000019f60342de0_0, 0, 32;
    %pushi/vec4 0, 0, 32;
    %store/vec4 v0000019f6032b6a0_0, 0, 32;
    %pushi/vec4 0, 0, 1;
    %store/vec4 v0000019f60377cc0_0, 0, 1;
    %pushi/vec4 0, 0, 1;
    %store/vec4 v0000019f6032b9f0_0, 0, 1;
    %end;
    .thread T_0;
    .scope S_0000019f60377950;
T_1 ;
    %wait E_0000019f6032a750;
    %load/vec4 v0000019f60377c20_0;
    %flag_set/vec4 9;
    %flag_get/vec4 9;
    %jmp/0 T_1.2, 9;
    %load/vec4 v0000019f60377cc0_0;
    %nor/r;
    %and;
T_1.2;
    %flag_set/vec4 8;
    %jmp/0xz  T_1.0, 8;
    %pushi/vec4 1, 0, 1;
    %assign/vec4 v0000019f6032b9f0_0, 0;
T_1.0 ;
    %load/vec4 v0000019f60377c20_0;
    %assign/vec4 v0000019f60377cc0_0, 0;
    %load/vec4 v0000019f6032b9f0_0;
    %flag_set/vec4 8;
    %jmp/0xz  T_1.3, 8;
    %load/vec4 v0000019f60377b80_0;
    %pad/u 6;
    %ix/vec4 4;
    %load/vec4a v0000019f60342b60, 4;
    %assign/vec4 v0000019f60342de0_0, 0;
    %load/vec4 v0000019f60377b80_0;
    %pad/u 6;
    %ix/vec4 4;
    %load/vec4a v0000019f6032a3f0, 4;
    %assign/vec4 v0000019f6032b6a0_0, 0;
    %load/vec4 v0000019f60377b80_0;
    %addi 1, 0, 4;
    %assign/vec4 v0000019f60377b80_0, 0;
    %load/vec4 v0000019f60377b80_0;
    %pad/u 32;
    %cmpi/e 15, 0, 32;
    %jmp/0xz  T_1.5, 4;
    %pushi/vec4 0, 0, 4;
    %assign/vec4 v0000019f60377b80_0, 0;
T_1.5 ;
    %pushi/vec4 0, 0, 1;
    %assign/vec4 v0000019f6032b9f0_0, 0;
T_1.3 ;
    %jmp T_1;
    .thread T_1;
    .scope S_0000019f6032b510;
T_2 ;
    %pushi/vec4 0, 0, 1;
    %store/vec4 v0000019f6032bbd0_0, 0, 1;
T_2.0 ;
    %delay 10000, 0;
    %load/vec4 v0000019f6032bbd0_0;
    %inv;
    %store/vec4 v0000019f6032bbd0_0, 0, 1;
    %jmp T_2.0;
    %end;
    .thread T_2;
    .scope S_0000019f6032b510;
T_3 ;
    %vpi_call 2 26 "$dumpfile", "instructions_tb.vcd" {0 0 0};
    %vpi_call 2 27 "$dumpvars", 32'sb00000000000000000000000000000000, S_0000019f6032b510 {0 0 0};
    %pushi/vec4 0, 0, 1;
    %store/vec4 v0000019f603745d0_0, 0, 1;
    %delay 20000, 0;
    %pushi/vec4 1, 0, 1;
    %store/vec4 v0000019f603745d0_0, 0, 1;
    %delay 100000, 0;
    %pushi/vec4 0, 0, 1;
    %store/vec4 v0000019f603745d0_0, 0, 1;
    %delay 50000, 0;
    %pushi/vec4 1, 0, 1;
    %store/vec4 v0000019f603745d0_0, 0, 1;
    %delay 15000000, 0;
    %pushi/vec4 0, 0, 1;
    %store/vec4 v0000019f603745d0_0, 0, 1;
    %delay 10000000, 0;
    %pushi/vec4 1, 0, 1;
    %store/vec4 v0000019f603745d0_0, 0, 1;
    %delay 10000000, 0;
    %pushi/vec4 0, 0, 1;
    %store/vec4 v0000019f603745d0_0, 0, 1;
    %delay 20000000, 0;
    %pushi/vec4 1, 0, 1;
    %store/vec4 v0000019f603745d0_0, 0, 1;
    %delay 2000, 0;
    %pushi/vec4 0, 0, 1;
    %store/vec4 v0000019f603745d0_0, 0, 1;
    %delay 10000, 0;
    %pushi/vec4 1, 0, 1;
    %store/vec4 v0000019f603745d0_0, 0, 1;
    %delay 10000, 0;
    %pushi/vec4 0, 0, 1;
    %store/vec4 v0000019f603745d0_0, 0, 1;
    %delay 20000, 0;
    %vpi_call 2 62 "$finish" {0 0 0};
    %end;
    .thread T_3;
    .scope S_0000019f6032b510;
T_4 ;
    %vpi_call 2 67 "$monitor", "Time: %0t | loadData: %b | A: %h | B: %h", $time, v0000019f603745d0_0, v0000019f6032ba90_0, v0000019f6032bb30_0 {0 0 0};
    %end;
    .thread T_4;
# The file index is used to find the file name in the following table.
:file_names 4;
    "N/A";
    "<interactive>";
    "instructions_tb.v";
    "./instructions.v";
