#! /c/Source/iverilog-install/bin/vvp
:ivl_version "12.0 (devel)" "(s20150603-1539-g2693dd32b)";
:ivl_delay_selection "TYPICAL";
:vpi_time_precision + 0;
:vpi_module "C:\iverilog\lib\ivl\system.vpi";
:vpi_module "C:\iverilog\lib\ivl\vhdl_sys.vpi";
:vpi_module "C:\iverilog\lib\ivl\vhdl_textio.vpi";
:vpi_module "C:\iverilog\lib\ivl\v2005_math.vpi";
:vpi_module "C:\iverilog\lib\ivl\va_math.vpi";
S_000001a69f6f6b80 .scope module, "Adder" "Adder" 2 1;
 .timescale 0 0;
    .port_info 0 /INPUT 32 "A";
    .port_info 1 /INPUT 32 "B";
    .port_info 2 /INPUT 1 "control";
    .port_info 3 /INPUT 1 "reset";
    .port_info 4 /OUTPUT 32 "out";
    .port_info 5 /OUTPUT 1 "exception";
o000001a69f74ef78 .functor BUFZ 32, C4<zzzzzzzzzzzzzzzzzzzzzzzzzzzzzzzz>; HiZ drive
v000001a69f6f7350_0 .net "A", 31 0, o000001a69f74ef78;  0 drivers
o000001a69f74efa8 .functor BUFZ 32, C4<zzzzzzzzzzzzzzzzzzzzzzzzzzzzzzzz>; HiZ drive
v000001a69f6fbd10_0 .net "B", 31 0, o000001a69f74efa8;  0 drivers
o000001a69f74efd8 .functor BUFZ 1, C4<z>; HiZ drive
v000001a69f6fbdb0_0 .net "control", 0 0, o000001a69f74efd8;  0 drivers
v000001a69f6fbe50_0 .var "exception", 0 0;
v000001a69f6fbef0_0 .var "expA", 7 0;
v000001a69f6f6d10_0 .var "expB", 7 0;
v000001a69f6f6db0_0 .var "expDiff", 7 0;
v000001a69f6f6e50_0 .var "expOut", 7 0;
v000001a69f6f6ef0_0 .var "mantA", 24 0;
v000001a69f743620_0 .var "mantB", 24 0;
v000001a69f7436c0_0 .var "mantOut", 24 0;
v000001a69f743760_0 .var "out", 31 0;
o000001a69f74f1b8 .functor BUFZ 1, C4<z>; HiZ drive
v000001a69f743800_0 .net "reset", 0 0, o000001a69f74f1b8;  0 drivers
v000001a69f7438a0_0 .var "signA", 0 0;
v000001a69f743940_0 .var "signB", 0 0;
E_000001a69f734950 .event posedge, v000001a69f743800_0, v000001a69f6fbdb0_0;
    .scope S_000001a69f6f6b80;
T_0 ;
    %wait E_000001a69f734950;
    %load/vec4 v000001a69f743800_0;
    %flag_set/vec4 8;
    %jmp/0xz  T_0.0, 8;
    %pushi/vec4 0, 0, 32;
    %assign/vec4 v000001a69f743760_0, 0;
    %pushi/vec4 0, 0, 1;
    %assign/vec4 v000001a69f6fbe50_0, 0;
    %jmp T_0.1;
T_0.0 ;
    %load/vec4 v000001a69f6f7350_0;
    %parti/s 1, 31, 6;
    %store/vec4 v000001a69f7438a0_0, 0, 1;
    %load/vec4 v000001a69f6fbd10_0;
    %parti/s 1, 31, 6;
    %store/vec4 v000001a69f743940_0, 0, 1;
    %load/vec4 v000001a69f6f7350_0;
    %parti/s 8, 23, 6;
    %store/vec4 v000001a69f6fbef0_0, 0, 8;
    %load/vec4 v000001a69f6fbd10_0;
    %parti/s 8, 23, 6;
    %store/vec4 v000001a69f6f6d10_0, 0, 8;
    %pushi/vec4 1, 0, 2;
    %load/vec4 v000001a69f6f7350_0;
    %parti/s 23, 0, 2;
    %concat/vec4; draw_concat_vec4
    %store/vec4 v000001a69f6f6ef0_0, 0, 25;
    %pushi/vec4 1, 0, 2;
    %load/vec4 v000001a69f6fbd10_0;
    %parti/s 23, 0, 2;
    %concat/vec4; draw_concat_vec4
    %store/vec4 v000001a69f743620_0, 0, 25;
    %load/vec4 v000001a69f6f6d10_0;
    %load/vec4 v000001a69f6fbef0_0;
    %cmp/u;
    %jmp/0xz  T_0.2, 5;
    %load/vec4 v000001a69f6fbef0_0;
    %load/vec4 v000001a69f6f6d10_0;
    %sub;
    %store/vec4 v000001a69f6f6db0_0, 0, 8;
    %load/vec4 v000001a69f743620_0;
    %ix/getv 4, v000001a69f6f6db0_0;
    %shiftr 4;
    %store/vec4 v000001a69f743620_0, 0, 25;
    %load/vec4 v000001a69f6fbef0_0;
    %store/vec4 v000001a69f6f6e50_0, 0, 8;
    %jmp T_0.3;
T_0.2 ;
    %load/vec4 v000001a69f6fbef0_0;
    %load/vec4 v000001a69f6f6d10_0;
    %cmp/u;
    %jmp/0xz  T_0.4, 5;
    %load/vec4 v000001a69f6f6d10_0;
    %load/vec4 v000001a69f6fbef0_0;
    %sub;
    %store/vec4 v000001a69f6f6db0_0, 0, 8;
    %load/vec4 v000001a69f6f6ef0_0;
    %ix/getv 4, v000001a69f6f6db0_0;
    %shiftr 4;
    %store/vec4 v000001a69f6f6ef0_0, 0, 25;
    %load/vec4 v000001a69f6f6d10_0;
    %store/vec4 v000001a69f6f6e50_0, 0, 8;
    %jmp T_0.5;
T_0.4 ;
    %load/vec4 v000001a69f6fbef0_0;
    %store/vec4 v000001a69f6f6e50_0, 0, 8;
T_0.5 ;
T_0.3 ;
    %load/vec4 v000001a69f6f6ef0_0;
    %load/vec4 v000001a69f743620_0;
    %add;
    %store/vec4 v000001a69f7436c0_0, 0, 25;
    %load/vec4 v000001a69f7436c0_0;
    %parti/s 2, 23, 6;
    %cmpi/e 3, 0, 2;
    %jmp/0xz  T_0.6, 4;
    %load/vec4 v000001a69f7436c0_0;
    %ix/load 4, 1, 0;
    %flag_set/imm 4, 0;
    %shiftr 4;
    %store/vec4 v000001a69f7436c0_0, 0, 25;
    %load/vec4 v000001a69f6f6e50_0;
    %addi 1, 0, 8;
    %store/vec4 v000001a69f6f6e50_0, 0, 8;
    %jmp T_0.7;
T_0.6 ;
    %load/vec4 v000001a69f7436c0_0;
    %parti/s 2, 23, 6;
    %cmpi/e 0, 0, 2;
    %jmp/0xz  T_0.8, 4;
T_0.10 ;
    %load/vec4 v000001a69f7436c0_0;
    %parti/s 1, 23, 6;
    %pad/u 32;
    %cmpi/e 0, 0, 32;
    %jmp/0xz T_0.11, 4;
    %load/vec4 v000001a69f7436c0_0;
    %ix/load 4, 1, 0;
    %flag_set/imm 4, 0;
    %shiftl 4;
    %store/vec4 v000001a69f7436c0_0, 0, 25;
    %load/vec4 v000001a69f6f6e50_0;
    %subi 1, 0, 8;
    %store/vec4 v000001a69f6f6e50_0, 0, 8;
    %jmp T_0.10;
T_0.11 ;
    %jmp T_0.9;
T_0.8 ;
    %load/vec4 v000001a69f7436c0_0;
    %parti/s 2, 23, 6;
    %cmpi/e 2, 0, 2;
    %jmp/0xz  T_0.12, 4;
T_0.14 ;
    %load/vec4 v000001a69f7436c0_0;
    %parti/s 1, 23, 6;
    %pad/u 32;
    %cmpi/e 0, 0, 32;
    %jmp/0xz T_0.15, 4;
    %load/vec4 v000001a69f7436c0_0;
    %ix/load 4, 1, 0;
    %flag_set/imm 4, 0;
    %shiftr 4;
    %store/vec4 v000001a69f7436c0_0, 0, 25;
    %load/vec4 v000001a69f6f6e50_0;
    %addi 1, 0, 8;
    %store/vec4 v000001a69f6f6e50_0, 0, 8;
    %jmp T_0.14;
T_0.15 ;
T_0.12 ;
T_0.9 ;
T_0.7 ;
    %load/vec4 v000001a69f7438a0_0;
    %load/vec4 v000001a69f6f6e50_0;
    %concat/vec4; draw_concat_vec4
    %load/vec4 v000001a69f7436c0_0;
    %parti/s 23, 0, 2;
    %concat/vec4; draw_concat_vec4
    %assign/vec4 v000001a69f743760_0, 0;
    %load/vec4 v000001a69f6f6e50_0;
    %cmpi/e 255, 0, 8;
    %flag_mov 8, 4;
    %jmp/0 T_0.16, 8;
    %pushi/vec4 1, 0, 2;
    %jmp/1 T_0.17, 8;
T_0.16 ; End of true expr.
    %pushi/vec4 0, 0, 2;
    %jmp/0 T_0.17, 8;
 ; End of false expr.
    %blend;
T_0.17;
    %pad/s 1;
    %assign/vec4 v000001a69f6fbe50_0, 0;
T_0.1 ;
    %jmp T_0;
    .thread T_0;
# The file index is used to find the file name in the following table.
:file_names 3;
    "N/A";
    "<interactive>";
    "Adder.v";
