#! /c/Source/iverilog-install/bin/vvp
:ivl_version "12.0 (devel)" "(s20150603-1539-g2693dd32b)";
:ivl_delay_selection "TYPICAL";
:vpi_time_precision + 0;
:vpi_module "C:\iverilog\lib\ivl\system.vpi";
:vpi_module "C:\iverilog\lib\ivl\vhdl_sys.vpi";
:vpi_module "C:\iverilog\lib\ivl\vhdl_textio.vpi";
:vpi_module "C:\iverilog\lib\ivl\v2005_math.vpi";
:vpi_module "C:\iverilog\lib\ivl\va_math.vpi";
S_00000286a1b66bf0 .scope module, "divider" "divider" 2 1;
 .timescale 0 0;
    .port_info 0 /INPUT 32 "DD";
    .port_info 1 /INPUT 32 "DS";
    .port_info 2 /INPUT 1 "control";
    .port_info 3 /INPUT 1 "reset";
    .port_info 4 /OUTPUT 32 "out";
    .port_info 5 /OUTPUT 1 "exception";
    .port_info 6 /OUTPUT 1 "zeroDiv";
o00000286a1bc50f8 .functor BUFZ 32, C4<zzzzzzzzzzzzzzzzzzzzzzzzzzzzzzzz>; HiZ drive
v00000286a1bb0820_0 .net "DD", 31 0, o00000286a1bc50f8;  0 drivers
o00000286a1bc5128 .functor BUFZ 32, C4<zzzzzzzzzzzzzzzzzzzzzzzzzzzzzzzz>; HiZ drive
v00000286a1bb08c0_0 .net "DS", 31 0, o00000286a1bc5128;  0 drivers
o00000286a1bc5158 .functor BUFZ 1, C4<z>; HiZ drive
v00000286a1bb0960_0 .net "control", 0 0, o00000286a1bc5158;  0 drivers
v00000286a1bb0a00_0 .var "exception", 0 0;
v00000286a1bb0aa0_0 .var "exp_dd", 7 0;
v00000286a1bb0b40_0 .var "exp_ds", 7 0;
v00000286a1bb0be0_0 .var "exp_out", 7 0;
v00000286a1bb0c80_0 .var/i "i", 31 0;
v00000286a1bb0f50_0 .var "mant_dd", 23 0;
v00000286a1bb1270_0 .var "mant_ds", 23 0;
v00000286a1bb1a90_0 .var "mant_out", 47 0;
v00000286a1bb13b0_0 .var "out", 31 0;
o00000286a1bc5338 .functor BUFZ 1, C4<z>; HiZ drive
v00000286a1bb11d0_0 .net "reset", 0 0, o00000286a1bc5338;  0 drivers
v00000286a1bb1b30_0 .var "sign_dd", 0 0;
v00000286a1bb1310_0 .var "sign_ds", 0 0;
v00000286a1bb1630_0 .var "sign_out", 0 0;
v00000286a1bb0ff0_0 .var "zeroDiv", 0 0;
E_00000286a1ba7460 .event posedge, v00000286a1bb11d0_0, v00000286a1bb0960_0;
S_00000286a1b66d80 .scope function.vec4.s48, "non_restoring_division" "non_restoring_division" 2 19, 2 19 0, S_00000286a1b66bf0;
 .timescale 0 0;
v00000286a1b673c0_0 .var "A", 47 0;
v00000286a1b6bed0_0 .var "M", 47 0;
v00000286a1b66f10_0 .var "Mant_DD", 23 0;
v00000286a1b66fb0_0 .var "Mant_DS", 23 0;
v00000286a1bb0640_0 .var "Q", 47 0;
v00000286a1bb06e0_0 .var/i "i", 31 0;
; Variable non_restoring_division is vec4 return value of scope S_00000286a1b66d80
TD_divider.non_restoring_division ;
    %load/vec4 v00000286a1b66f10_0;
    %concati/vec4 0, 0, 24;
    %store/vec4 v00000286a1bb0640_0, 0, 48;
    %load/vec4 v00000286a1b66fb0_0;
    %concati/vec4 0, 0, 24;
    %store/vec4 v00000286a1b6bed0_0, 0, 48;
    %pushi/vec4 0, 0, 48;
    %store/vec4 v00000286a1b673c0_0, 0, 48;
    %pushi/vec4 0, 0, 32;
    %store/vec4 v00000286a1bb06e0_0, 0, 32;
T_0.0 ;
    %load/vec4 v00000286a1bb06e0_0;
    %cmpi/s 48, 0, 32;
    %jmp/0xz T_0.1, 5;
    %load/vec4 v00000286a1b673c0_0;
    %parti/s 47, 0, 2;
    %load/vec4 v00000286a1bb0640_0;
    %parti/s 1, 47, 7;
    %concat/vec4; draw_concat_vec4
    %store/vec4 v00000286a1b673c0_0, 0, 48;
    %load/vec4 v00000286a1bb0640_0;
    %parti/s 47, 0, 2;
    %concati/vec4 0, 0, 1;
    %store/vec4 v00000286a1bb0640_0, 0, 48;
    %load/vec4 v00000286a1b673c0_0;
    %load/vec4 v00000286a1b6bed0_0;
    %inv;
    %add;
    %addi 1, 0, 48;
    %store/vec4 v00000286a1b673c0_0, 0, 48;
    %load/vec4 v00000286a1b673c0_0;
    %parti/s 1, 47, 7;
    %cmpi/e 1, 0, 1;
    %jmp/0xz  T_0.2, 4;
    %load/vec4 v00000286a1b673c0_0;
    %load/vec4 v00000286a1b6bed0_0;
    %add;
    %store/vec4 v00000286a1b673c0_0, 0, 48;
    %pushi/vec4 0, 0, 1;
    %ix/load 4, 0, 0;
    %flag_set/imm 4, 0;
    %store/vec4 v00000286a1bb0640_0, 4, 1;
    %jmp T_0.3;
T_0.2 ;
    %pushi/vec4 1, 0, 1;
    %ix/load 4, 0, 0;
    %flag_set/imm 4, 0;
    %store/vec4 v00000286a1bb0640_0, 4, 1;
T_0.3 ;
    %load/vec4 v00000286a1bb06e0_0;
    %addi 1, 0, 32;
    %store/vec4 v00000286a1bb06e0_0, 0, 32;
    %jmp T_0.0;
T_0.1 ;
    %load/vec4 v00000286a1bb0640_0;
    %ret/vec4 0, 0, 48;  Assign to non_restoring_division (store_vec4_to_lval)
    %end;
    .scope S_00000286a1b66bf0;
T_1 ;
    %wait E_00000286a1ba7460;
    %load/vec4 v00000286a1bb11d0_0;
    %flag_set/vec4 8;
    %jmp/0xz  T_1.0, 8;
    %pushi/vec4 0, 0, 32;
    %assign/vec4 v00000286a1bb13b0_0, 0;
    %pushi/vec4 0, 0, 1;
    %assign/vec4 v00000286a1bb0a00_0, 0;
    %pushi/vec4 0, 0, 1;
    %assign/vec4 v00000286a1bb0ff0_0, 0;
    %jmp T_1.1;
T_1.0 ;
    %load/vec4 v00000286a1bb0820_0;
    %parti/s 1, 31, 6;
    %store/vec4 v00000286a1bb1b30_0, 0, 1;
    %load/vec4 v00000286a1bb08c0_0;
    %parti/s 1, 31, 6;
    %store/vec4 v00000286a1bb1310_0, 0, 1;
    %load/vec4 v00000286a1bb0820_0;
    %parti/s 8, 23, 6;
    %store/vec4 v00000286a1bb0aa0_0, 0, 8;
    %load/vec4 v00000286a1bb08c0_0;
    %parti/s 8, 23, 6;
    %store/vec4 v00000286a1bb0b40_0, 0, 8;
    %pushi/vec4 1, 0, 1;
    %load/vec4 v00000286a1bb0820_0;
    %parti/s 23, 0, 2;
    %concat/vec4; draw_concat_vec4
    %store/vec4 v00000286a1bb0f50_0, 0, 24;
    %pushi/vec4 1, 0, 1;
    %load/vec4 v00000286a1bb08c0_0;
    %parti/s 23, 0, 2;
    %concat/vec4; draw_concat_vec4
    %store/vec4 v00000286a1bb1270_0, 0, 24;
    %load/vec4 v00000286a1bb1b30_0;
    %load/vec4 v00000286a1bb1310_0;
    %xor;
    %store/vec4 v00000286a1bb1630_0, 0, 1;
    %load/vec4 v00000286a1bb08c0_0;
    %cmpi/e 0, 0, 32;
    %jmp/0xz  T_1.2, 4;
    %pushi/vec4 1, 0, 1;
    %assign/vec4 v00000286a1bb0ff0_0, 0;
    %load/vec4 v00000286a1bb0820_0;
    %cmpi/e 0, 0, 32;
    %jmp/0xz  T_1.4, 4;
    %pushi/vec4 4290772992, 0, 32;
    %assign/vec4 v00000286a1bb13b0_0, 0;
    %pushi/vec4 1, 0, 1;
    %assign/vec4 v00000286a1bb0a00_0, 0;
    %jmp T_1.5;
T_1.4 ;
    %load/vec4 v00000286a1bb1630_0;
    %concati/vec4 255, 0, 8;
    %concati/vec4 0, 0, 23;
    %assign/vec4 v00000286a1bb13b0_0, 0;
    %pushi/vec4 1, 0, 1;
    %assign/vec4 v00000286a1bb0a00_0, 0;
T_1.5 ;
    %jmp T_1.3;
T_1.2 ;
    %load/vec4 v00000286a1bb0820_0;
    %cmpi/e 0, 0, 32;
    %jmp/0xz  T_1.6, 4;
    %pushi/vec4 0, 0, 1;
    %assign/vec4 v00000286a1bb0ff0_0, 0;
    %pushi/vec4 0, 0, 1;
    %assign/vec4 v00000286a1bb0a00_0, 0;
    %pushi/vec4 0, 0, 32;
    %assign/vec4 v00000286a1bb13b0_0, 0;
    %jmp T_1.7;
T_1.6 ;
    %pushi/vec4 0, 0, 1;
    %assign/vec4 v00000286a1bb0ff0_0, 0;
    %pushi/vec4 0, 0, 1;
    %assign/vec4 v00000286a1bb0a00_0, 0;
    %load/vec4 v00000286a1bb0aa0_0;
    %load/vec4 v00000286a1bb0b40_0;
    %sub;
    %addi 127, 0, 8;
    %store/vec4 v00000286a1bb0be0_0, 0, 8;
    %load/vec4 v00000286a1bb0f50_0;
    %load/vec4 v00000286a1bb1270_0;
    %store/vec4 v00000286a1b66fb0_0, 0, 24;
    %store/vec4 v00000286a1b66f10_0, 0, 24;
    %callf/vec4 TD_divider.non_restoring_division, S_00000286a1b66d80;
    %store/vec4 v00000286a1bb1a90_0, 0, 48;
    %pushi/vec4 0, 0, 32;
    %store/vec4 v00000286a1bb0c80_0, 0, 32;
T_1.8 ;
    %load/vec4 v00000286a1bb0c80_0;
    %cmpi/s 24, 0, 32;
    %jmp/0xz T_1.9, 5;
    %load/vec4 v00000286a1bb1a90_0;
    %parti/s 1, 47, 7;
    %pad/u 32;
    %cmpi/ne 1, 0, 32;
    %flag_get/vec4 4;
    %jmp/0 T_1.12, 4;
    %pushi/vec4 0, 0, 32;
    %load/vec4 v00000286a1bb0be0_0;
    %pad/u 32;
    %cmp/u;
    %flag_get/vec4 5;
    %and;
T_1.12;
    %flag_set/vec4 8;
    %jmp/0xz  T_1.10, 8;
    %load/vec4 v00000286a1bb1a90_0;
    %ix/load 4, 1, 0;
    %flag_set/imm 4, 0;
    %shiftl 4;
    %store/vec4 v00000286a1bb1a90_0, 0, 48;
    %load/vec4 v00000286a1bb0be0_0;
    %subi 1, 0, 8;
    %store/vec4 v00000286a1bb0be0_0, 0, 8;
T_1.10 ;
    %load/vec4 v00000286a1bb0c80_0;
    %addi 1, 0, 32;
    %store/vec4 v00000286a1bb0c80_0, 0, 32;
    %jmp T_1.8;
T_1.9 ;
    %load/vec4 v00000286a1bb1630_0;
    %load/vec4 v00000286a1bb0be0_0;
    %concat/vec4; draw_concat_vec4
    %load/vec4 v00000286a1bb1a90_0;
    %parti/s 23, 24, 6;
    %concat/vec4; draw_concat_vec4
    %assign/vec4 v00000286a1bb13b0_0, 0;
T_1.7 ;
T_1.3 ;
T_1.1 ;
    %jmp T_1;
    .thread T_1;
# The file index is used to find the file name in the following table.
:file_names 3;
    "N/A";
    "<interactive>";
    "divider.v";
