#! /c/Source/iverilog-install/bin/vvp
:ivl_version "12.0 (devel)" "(s20150603-1539-g2693dd32b)";
:ivl_delay_selection "TYPICAL";
:vpi_time_precision - 12;
:vpi_module "C:\iverilog\lib\ivl\system.vpi";
:vpi_module "C:\iverilog\lib\ivl\vhdl_sys.vpi";
:vpi_module "C:\iverilog\lib\ivl\vhdl_textio.vpi";
:vpi_module "C:\iverilog\lib\ivl\v2005_math.vpi";
:vpi_module "C:\iverilog\lib\ivl\va_math.vpi";
S_000001f7b9523190 .scope module, "divider_tb" "divider_tb" 2 4;
 .timescale -9 -12;
v000001f7b957f1e0_0 .var "DD", 31 0;
v000001f7b957f8c0_0 .var "DS", 31 0;
v000001f7b957faa0_0 .var "control", 0 0;
v000001f7b957fb40_0 .net "exception", 0 0, v000001f7b957fc80_0;  1 drivers
v000001f7b957ff00_0 .net "out", 31 0, v000001f7b957f820_0;  1 drivers
v000001f7b957ffa0_0 .var "reset", 0 0;
v000001f7b957f280_0 .net "zeroDiv", 0 0, v000001f7b957f960_0;  1 drivers
S_000001f7b9523320 .scope task, "apply_test" "apply_test" 2 40, 2 40 0, S_000001f7b9523190;
 .timescale -9 -12;
v000001f7b94e2f30_0 .var "dividend", 31 0;
v000001f7b94e2b60_0 .var "divisor", 31 0;
TD_divider_tb.apply_test ;
    %load/vec4 v000001f7b94e2f30_0;
    %store/vec4 v000001f7b957f1e0_0, 0, 32;
    %load/vec4 v000001f7b94e2b60_0;
    %store/vec4 v000001f7b957f8c0_0, 0, 32;
    %delay 10000, 0;
    %pushi/vec4 1, 0, 1;
    %store/vec4 v000001f7b957faa0_0, 0, 1;
    %delay 10000, 0;
    %pushi/vec4 0, 0, 1;
    %store/vec4 v000001f7b957faa0_0, 0, 1;
    %delay 1000000, 0;
    %load/vec4 v000001f7b957f1e0_0;
    %store/vec4 v000001f7b9507a40_0, 0, 32;
    %load/vec4 v000001f7b957f8c0_0;
    %store/vec4 v000001f7b9507ae0_0, 0, 32;
    %load/vec4 v000001f7b957ff00_0;
    %store/vec4 v000001f7b9507c20_0, 0, 32;
    %load/vec4 v000001f7b957fb40_0;
    %store/vec4 v000001f7b9507b80_0, 0, 1;
    %load/vec4 v000001f7b957f280_0;
    %store/vec4 v000001f7b9507cc0_0, 0, 1;
    %fork TD_divider_tb.print_results, S_000001f7b95078b0;
    %join;
    %end;
S_000001f7b95078b0 .scope task, "print_results" "print_results" 2 28, 2 28 0, S_000001f7b9523190;
 .timescale -9 -12;
v000001f7b9507a40_0 .var "dividend", 31 0;
v000001f7b9507ae0_0 .var "divisor", 31 0;
v000001f7b9507b80_0 .var "exc", 0 0;
v000001f7b9507c20_0 .var "result", 31 0;
v000001f7b9507cc0_0 .var "zero", 0 0;
TD_divider_tb.print_results ;
    %vpi_call 2 35 "$display", "Dividend: %h, Divisor: %h, Result: %h, Exception: %b, ZeroDiv: %b", v000001f7b9507a40_0, v000001f7b9507ae0_0, v000001f7b9507c20_0, v000001f7b9507b80_0, v000001f7b9507cc0_0 {0 0 0};
    %end;
S_000001f7b9507d60 .scope module, "uut" "divider" 2 17, 3 1 0, S_000001f7b9523190;
 .timescale -9 -12;
    .port_info 0 /INPUT 32 "DD";
    .port_info 1 /INPUT 32 "DS";
    .port_info 2 /INPUT 1 "control";
    .port_info 3 /INPUT 1 "reset";
    .port_info 4 /OUTPUT 32 "out";
    .port_info 5 /OUTPUT 1 "exception";
    .port_info 6 /OUTPUT 1 "zeroDiv";
v000001f7b95142a0_0 .net "DD", 31 0, v000001f7b957f1e0_0;  1 drivers
v000001f7b957f780_0 .net "DS", 31 0, v000001f7b957f8c0_0;  1 drivers
v000001f7b957fdc0_0 .net "control", 0 0, v000001f7b957faa0_0;  1 drivers
v000001f7b957fc80_0 .var "exception", 0 0;
v000001f7b957fa00_0 .var "exp_dd", 7 0;
v000001f7b957fd20_0 .var "exp_ds", 7 0;
v000001f7b957fbe0_0 .var "exp_out", 7 0;
v000001f7b957f320_0 .var/i "i", 31 0;
v000001f7b957f5a0_0 .var "mant_dd", 23 0;
v000001f7b957f640_0 .var "mant_ds", 23 0;
v000001f7b957f6e0_0 .var "mant_out", 23 0;
v000001f7b957f820_0 .var "out", 31 0;
v000001f7b957f500_0 .net "reset", 0 0, v000001f7b957ffa0_0;  1 drivers
v000001f7b957f0a0_0 .var "sign_dd", 0 0;
v000001f7b957fe60_0 .var "sign_ds", 0 0;
v000001f7b957f140_0 .var "sign_out", 0 0;
v000001f7b957f960_0 .var "zeroDiv", 0 0;
E_000001f7b950eb70 .event posedge, v000001f7b957f500_0, v000001f7b957fdc0_0;
S_000001f7b9513940 .scope function.vec4.s48, "non_restoring_division" "non_restoring_division" 3 17, 3 17 0, S_000001f7b9507d60;
 .timescale -9 -12;
v000001f7b9507f70_0 .var "A", 47 0;
v000001f7b9513ee0_0 .var "M", 47 0;
v000001f7b9513f80_0 .var "Mant_DD", 23 0;
v000001f7b9514020_0 .var "Mant_DS", 23 0;
v000001f7b95140c0_0 .var "Q", 47 0;
v000001f7b9514160_0 .var/i "i", 31 0;
; Variable non_restoring_division is vec4 return value of scope S_000001f7b9513940
TD_divider_tb.uut.non_restoring_division ;
    %load/vec4 v000001f7b9513f80_0;
    %concati/vec4 0, 0, 24;
    %store/vec4 v000001f7b95140c0_0, 0, 48;
    %load/vec4 v000001f7b9514020_0;
    %concati/vec4 0, 0, 24;
    %store/vec4 v000001f7b9513ee0_0, 0, 48;
    %pushi/vec4 0, 0, 48;
    %store/vec4 v000001f7b9507f70_0, 0, 48;
    %pushi/vec4 0, 0, 32;
    %store/vec4 v000001f7b9514160_0, 0, 32;
T_2.0 ;
    %load/vec4 v000001f7b9514160_0;
    %cmpi/s 24, 0, 32;
    %jmp/0xz T_2.1, 5;
    %load/vec4 v000001f7b9507f70_0;
    %parti/s 47, 0, 2;
    %load/vec4 v000001f7b95140c0_0;
    %parti/s 1, 47, 7;
    %concat/vec4; draw_concat_vec4
    %store/vec4 v000001f7b9507f70_0, 0, 48;
    %load/vec4 v000001f7b95140c0_0;
    %parti/s 47, 0, 2;
    %concati/vec4 0, 0, 1;
    %store/vec4 v000001f7b95140c0_0, 0, 48;
    %load/vec4 v000001f7b9507f70_0;
    %load/vec4 v000001f7b9513ee0_0;
    %sub;
    %store/vec4 v000001f7b9507f70_0, 0, 48;
    %load/vec4 v000001f7b9507f70_0;
    %parti/s 1, 47, 7;
    %flag_set/vec4 8;
    %jmp/0xz  T_2.2, 8;
    %load/vec4 v000001f7b9507f70_0;
    %load/vec4 v000001f7b9513ee0_0;
    %add;
    %store/vec4 v000001f7b9507f70_0, 0, 48;
    %pushi/vec4 0, 0, 1;
    %ix/load 4, 0, 0;
    %flag_set/imm 4, 0;
    %store/vec4 v000001f7b95140c0_0, 4, 1;
    %jmp T_2.3;
T_2.2 ;
    %pushi/vec4 1, 0, 1;
    %ix/load 4, 0, 0;
    %flag_set/imm 4, 0;
    %store/vec4 v000001f7b95140c0_0, 4, 1;
T_2.3 ;
    %load/vec4 v000001f7b9514160_0;
    %addi 1, 0, 32;
    %store/vec4 v000001f7b9514160_0, 0, 32;
    %jmp T_2.0;
T_2.1 ;
    %load/vec4 v000001f7b95140c0_0;
    %ret/vec4 0, 0, 48;  Assign to non_restoring_division (store_vec4_to_lval)
    %end;
    .scope S_000001f7b9507d60;
T_3 ;
    %wait E_000001f7b950eb70;
    %load/vec4 v000001f7b957f500_0;
    %flag_set/vec4 8;
    %jmp/0xz  T_3.0, 8;
    %pushi/vec4 0, 0, 32;
    %assign/vec4 v000001f7b957f820_0, 0;
    %pushi/vec4 0, 0, 1;
    %assign/vec4 v000001f7b957fc80_0, 0;
    %pushi/vec4 0, 0, 1;
    %assign/vec4 v000001f7b957f960_0, 0;
    %jmp T_3.1;
T_3.0 ;
    %load/vec4 v000001f7b95142a0_0;
    %parti/s 1, 31, 6;
    %store/vec4 v000001f7b957f0a0_0, 0, 1;
    %load/vec4 v000001f7b957f780_0;
    %parti/s 1, 31, 6;
    %store/vec4 v000001f7b957fe60_0, 0, 1;
    %load/vec4 v000001f7b95142a0_0;
    %parti/s 8, 23, 6;
    %store/vec4 v000001f7b957fa00_0, 0, 8;
    %load/vec4 v000001f7b957f780_0;
    %parti/s 8, 23, 6;
    %store/vec4 v000001f7b957fd20_0, 0, 8;
    %pushi/vec4 1, 0, 1;
    %load/vec4 v000001f7b95142a0_0;
    %parti/s 23, 0, 2;
    %concat/vec4; draw_concat_vec4
    %store/vec4 v000001f7b957f5a0_0, 0, 24;
    %pushi/vec4 1, 0, 1;
    %load/vec4 v000001f7b957f780_0;
    %parti/s 23, 0, 2;
    %concat/vec4; draw_concat_vec4
    %store/vec4 v000001f7b957f640_0, 0, 24;
    %load/vec4 v000001f7b957f0a0_0;
    %load/vec4 v000001f7b957fe60_0;
    %xor;
    %store/vec4 v000001f7b957f140_0, 0, 1;
    %load/vec4 v000001f7b957f780_0;
    %cmpi/e 0, 0, 32;
    %jmp/0xz  T_3.2, 4;
    %pushi/vec4 1, 0, 1;
    %assign/vec4 v000001f7b957f960_0, 0;
    %load/vec4 v000001f7b95142a0_0;
    %cmpi/e 0, 0, 32;
    %jmp/0xz  T_3.4, 4;
    %pushi/vec4 4290772992, 0, 32;
    %assign/vec4 v000001f7b957f820_0, 0;
    %pushi/vec4 1, 0, 1;
    %assign/vec4 v000001f7b957fc80_0, 0;
    %jmp T_3.5;
T_3.4 ;
    %pushi/vec4 2139095040, 0, 32;
    %assign/vec4 v000001f7b957f820_0, 0;
T_3.5 ;
    %jmp T_3.3;
T_3.2 ;
    %load/vec4 v000001f7b95142a0_0;
    %cmpi/e 0, 0, 32;
    %jmp/0xz  T_3.6, 4;
    %pushi/vec4 0, 0, 1;
    %assign/vec4 v000001f7b957f960_0, 0;
    %pushi/vec4 0, 0, 1;
    %assign/vec4 v000001f7b957fc80_0, 0;
    %pushi/vec4 0, 0, 32;
    %assign/vec4 v000001f7b957f820_0, 0;
    %jmp T_3.7;
T_3.6 ;
    %pushi/vec4 0, 0, 1;
    %assign/vec4 v000001f7b957f960_0, 0;
    %pushi/vec4 0, 0, 1;
    %assign/vec4 v000001f7b957fc80_0, 0;
    %load/vec4 v000001f7b957fa00_0;
    %load/vec4 v000001f7b957fd20_0;
    %sub;
    %addi 127, 0, 8;
    %store/vec4 v000001f7b957fbe0_0, 0, 8;
    %load/vec4 v000001f7b957f5a0_0;
    %load/vec4 v000001f7b957f640_0;
    %store/vec4 v000001f7b9514020_0, 0, 24;
    %store/vec4 v000001f7b9513f80_0, 0, 24;
    %callf/vec4 TD_divider_tb.uut.non_restoring_division, S_000001f7b9513940;
    %pad/u 24;
    %store/vec4 v000001f7b957f6e0_0, 0, 24;
    %pushi/vec4 0, 0, 32;
    %store/vec4 v000001f7b957f320_0, 0, 32;
T_3.8 ;
    %load/vec4 v000001f7b957f320_0;
    %cmpi/s 24, 0, 32;
    %flag_get/vec4 5;
    %jmp/0 T_3.10, 5;
    %pushi/vec4 0, 0, 32;
    %load/vec4 v000001f7b957fbe0_0;
    %pad/u 32;
    %cmp/u;
    %flag_get/vec4 5;
    %and;
T_3.10;
    %flag_set/vec4 8;
    %jmp/0xz T_3.9, 8;
    %load/vec4 v000001f7b957f320_0;
    %addi 1, 0, 32;
    %store/vec4 v000001f7b957f320_0, 0, 32;
    %jmp T_3.8;
T_3.9 ;
    %load/vec4 v000001f7b957fbe0_0;
    %pad/u 32;
    %cmpi/e 0, 0, 32;
    %jmp/0xz  T_3.11, 4;
    %pushi/vec4 1, 0, 1;
    %assign/vec4 v000001f7b957fc80_0, 0;
    %pushi/vec4 0, 0, 32;
    %assign/vec4 v000001f7b957f820_0, 0;
    %jmp T_3.12;
T_3.11 ;
    %load/vec4 v000001f7b957f140_0;
    %load/vec4 v000001f7b957fbe0_0;
    %concat/vec4; draw_concat_vec4
    %concati/vec4 8388607, 8388607, 23;
    %assign/vec4 v000001f7b957f820_0, 0;
T_3.12 ;
T_3.7 ;
T_3.3 ;
T_3.1 ;
    %jmp T_3;
    .thread T_3;
    .scope S_000001f7b9523190;
T_4 ;
    %pushi/vec4 0, 0, 1;
    %store/vec4 v000001f7b957faa0_0, 0, 1;
    %pushi/vec4 1, 0, 1;
    %store/vec4 v000001f7b957ffa0_0, 0, 1;
    %pushi/vec4 0, 0, 32;
    %store/vec4 v000001f7b957f1e0_0, 0, 32;
    %pushi/vec4 0, 0, 32;
    %store/vec4 v000001f7b957f8c0_0, 0, 32;
    %delay 10000, 0;
    %pushi/vec4 0, 0, 1;
    %store/vec4 v000001f7b957ffa0_0, 0, 1;
    %delay 10000, 0;
    %pushi/vec4 1, 0, 1;
    %store/vec4 v000001f7b957ffa0_0, 0, 1;
    %delay 10000, 0;
    %pushi/vec4 0, 0, 1;
    %store/vec4 v000001f7b957ffa0_0, 0, 1;
    %pushi/vec4 1075243909, 0, 32;
    %store/vec4 v000001f7b94e2f30_0, 0, 32;
    %pushi/vec4 1067320563, 0, 32;
    %store/vec4 v000001f7b94e2b60_0, 0, 32;
    %fork TD_divider_tb.apply_test, S_000001f7b9523320;
    %join;
    %pushi/vec4 1095095207, 0, 32;
    %store/vec4 v000001f7b94e2f30_0, 0, 32;
    %pushi/vec4 0, 0, 32;
    %store/vec4 v000001f7b94e2b60_0, 0, 32;
    %fork TD_divider_tb.apply_test, S_000001f7b9523320;
    %join;
    %pushi/vec4 3257999032, 0, 32;
    %store/vec4 v000001f7b94e2f30_0, 0, 32;
    %pushi/vec4 1079000854, 0, 32;
    %store/vec4 v000001f7b94e2b60_0, 0, 32;
    %fork TD_divider_tb.apply_test, S_000001f7b9523320;
    %join;
    %pushi/vec4 0, 0, 32;
    %store/vec4 v000001f7b94e2f30_0, 0, 32;
    %pushi/vec4 0, 0, 32;
    %store/vec4 v000001f7b94e2b60_0, 0, 32;
    %fork TD_divider_tb.apply_test, S_000001f7b9523320;
    %join;
    %pushi/vec4 0, 0, 32;
    %store/vec4 v000001f7b94e2f30_0, 0, 32;
    %pushi/vec4 1084945859, 0, 32;
    %store/vec4 v000001f7b94e2b60_0, 0, 32;
    %fork TD_divider_tb.apply_test, S_000001f7b9523320;
    %join;
    %pushi/vec4 2139095040, 0, 32;
    %store/vec4 v000001f7b94e2f30_0, 0, 32;
    %pushi/vec4 2139095040, 0, 32;
    %store/vec4 v000001f7b94e2b60_0, 0, 32;
    %fork TD_divider_tb.apply_test, S_000001f7b9523320;
    %join;
    %pushi/vec4 4290772992, 0, 32;
    %store/vec4 v000001f7b94e2f30_0, 0, 32;
    %pushi/vec4 4290772992, 0, 32;
    %store/vec4 v000001f7b94e2b60_0, 0, 32;
    %fork TD_divider_tb.apply_test, S_000001f7b9523320;
    %join;
    %vpi_call 2 86 "$stop" {0 0 0};
    %end;
    .thread T_4;
# The file index is used to find the file name in the following table.
:file_names 4;
    "N/A";
    "<interactive>";
    "divider_tb.v";
    "./divider.v";
