#! /c/Source/iverilog-install/bin/vvp
:ivl_version "12.0 (devel)" "(s20150603-1539-g2693dd32b)";
:ivl_delay_selection "TYPICAL";
:vpi_time_precision + 0;
:vpi_module "C:\iverilog\lib\ivl\system.vpi";
:vpi_module "C:\iverilog\lib\ivl\vhdl_sys.vpi";
:vpi_module "C:\iverilog\lib\ivl\vhdl_textio.vpi";
:vpi_module "C:\iverilog\lib\ivl\v2005_math.vpi";
:vpi_module "C:\iverilog\lib\ivl\va_math.vpi";
S_0000016af06d6ab0 .scope module, "add_sub" "add_sub" 2 1;
 .timescale 0 0;
    .port_info 0 /INPUT 32 "A";
    .port_info 1 /INPUT 32 "B";
    .port_info 2 /INPUT 1 "control";
    .port_info 3 /INPUT 1 "reset";
    .port_info 4 /INPUT 1 "addsub";
    .port_info 5 /OUTPUT 32 "out";
    .port_info 6 /OUTPUT 1 "exception";
o0000016af07a0f58 .functor BUFZ 32, C4<zzzzzzzzzzzzzzzzzzzzzzzzzzzzzzzz>; HiZ drive
v0000016af06d7280_0 .net "A", 31 0, o0000016af07a0f58;  0 drivers
o0000016af07a0f88 .functor BUFZ 32, C4<zzzzzzzzzzzzzzzzzzzzzzzzzzzzzzzz>; HiZ drive
v0000016af06dbe40_0 .net "B", 31 0, o0000016af07a0f88;  0 drivers
o0000016af07a0fb8 .functor BUFZ 1, C4<z>; HiZ drive
v0000016af06dbee0_0 .net "addsub", 0 0, o0000016af07a0fb8;  0 drivers
o0000016af07a0fe8 .functor BUFZ 1, C4<z>; HiZ drive
v0000016af06d6c40_0 .net "control", 0 0, o0000016af07a0fe8;  0 drivers
v0000016af06d6ce0_0 .var "exception", 0 0;
v0000016af06d6d80_0 .var "expA", 7 0;
v0000016af06d6e20_0 .var "expB", 7 0;
v0000016af07e5fe0_0 .var "expDiff", 7 0;
v0000016af07e6080_0 .var "expOut", 7 0;
v0000016af07e6120_0 .var "mantA", 24 0;
v0000016af07e61c0_0 .var "mantB", 24 0;
v0000016af07e6260_0 .var "mantOut", 24 0;
v0000016af07ee310_0 .var "out", 31 0;
o0000016af07a11c8 .functor BUFZ 1, C4<z>; HiZ drive
v0000016af07ee3b0_0 .net "reset", 0 0, o0000016af07a11c8;  0 drivers
v0000016af07ee450_0 .var "signA", 0 0;
v0000016af07eef40_0 .var "signB", 0 0;
v0000016af07ef1c0_0 .var "signOut", 0 0;
E_0000016af07854e0 .event posedge, v0000016af07ee3b0_0, v0000016af06d6c40_0;
    .scope S_0000016af06d6ab0;
T_0 ;
    %wait E_0000016af07854e0;
    %load/vec4 v0000016af07ee3b0_0;
    %flag_set/vec4 8;
    %jmp/0xz  T_0.0, 8;
    %pushi/vec4 0, 0, 32;
    %assign/vec4 v0000016af07ee310_0, 0;
    %pushi/vec4 0, 0, 1;
    %assign/vec4 v0000016af06d6ce0_0, 0;
    %jmp T_0.1;
T_0.0 ;
    %load/vec4 v0000016af06d7280_0;
    %parti/s 1, 31, 6;
    %store/vec4 v0000016af07ee450_0, 0, 1;
    %load/vec4 v0000016af06dbe40_0;
    %parti/s 1, 31, 6;
    %load/vec4 v0000016af06dbee0_0;
    %xor;
    %store/vec4 v0000016af07eef40_0, 0, 1;
    %load/vec4 v0000016af06d7280_0;
    %parti/s 8, 23, 6;
    %store/vec4 v0000016af06d6d80_0, 0, 8;
    %load/vec4 v0000016af06dbe40_0;
    %parti/s 8, 23, 6;
    %store/vec4 v0000016af06d6e20_0, 0, 8;
    %pushi/vec4 1, 0, 2;
    %load/vec4 v0000016af06d7280_0;
    %parti/s 23, 0, 2;
    %concat/vec4; draw_concat_vec4
    %store/vec4 v0000016af07e6120_0, 0, 25;
    %pushi/vec4 1, 0, 2;
    %load/vec4 v0000016af06dbe40_0;
    %parti/s 23, 0, 2;
    %concat/vec4; draw_concat_vec4
    %store/vec4 v0000016af07e61c0_0, 0, 25;
    %load/vec4 v0000016af06d6e20_0;
    %load/vec4 v0000016af06d6d80_0;
    %cmp/u;
    %jmp/0xz  T_0.2, 5;
    %load/vec4 v0000016af06d6d80_0;
    %load/vec4 v0000016af06d6e20_0;
    %sub;
    %store/vec4 v0000016af07e5fe0_0, 0, 8;
    %load/vec4 v0000016af07e61c0_0;
    %ix/getv 4, v0000016af07e5fe0_0;
    %shiftr 4;
    %store/vec4 v0000016af07e61c0_0, 0, 25;
    %load/vec4 v0000016af06d6d80_0;
    %store/vec4 v0000016af07e6080_0, 0, 8;
    %jmp T_0.3;
T_0.2 ;
    %load/vec4 v0000016af06d6e20_0;
    %load/vec4 v0000016af06d6d80_0;
    %sub;
    %store/vec4 v0000016af07e5fe0_0, 0, 8;
    %load/vec4 v0000016af07e6120_0;
    %ix/getv 4, v0000016af07e5fe0_0;
    %shiftr 4;
    %store/vec4 v0000016af07e6120_0, 0, 25;
    %load/vec4 v0000016af06d6e20_0;
    %store/vec4 v0000016af07e6080_0, 0, 8;
T_0.3 ;
    %load/vec4 v0000016af07ee450_0;
    %load/vec4 v0000016af07eef40_0;
    %cmp/e;
    %jmp/0xz  T_0.4, 4;
    %load/vec4 v0000016af07e6120_0;
    %load/vec4 v0000016af07e61c0_0;
    %add;
    %store/vec4 v0000016af07e6260_0, 0, 25;
    %load/vec4 v0000016af07ee450_0;
    %store/vec4 v0000016af07ef1c0_0, 0, 1;
    %jmp T_0.5;
T_0.4 ;
    %load/vec4 v0000016af07e61c0_0;
    %load/vec4 v0000016af07e6120_0;
    %cmp/u;
    %flag_or 5, 4;
    %jmp/0xz  T_0.6, 5;
    %load/vec4 v0000016af07e6120_0;
    %load/vec4 v0000016af07e61c0_0;
    %sub;
    %store/vec4 v0000016af07e6260_0, 0, 25;
    %load/vec4 v0000016af07ee450_0;
    %store/vec4 v0000016af07ef1c0_0, 0, 1;
    %jmp T_0.7;
T_0.6 ;
    %load/vec4 v0000016af07e61c0_0;
    %load/vec4 v0000016af07e6120_0;
    %sub;
    %store/vec4 v0000016af07e6260_0, 0, 25;
    %load/vec4 v0000016af07eef40_0;
    %store/vec4 v0000016af07ef1c0_0, 0, 1;
T_0.7 ;
T_0.5 ;
    %load/vec4 v0000016af07e6260_0;
    %parti/s 1, 24, 6;
    %flag_set/vec4 8;
    %jmp/0xz  T_0.8, 8;
    %load/vec4 v0000016af07e6260_0;
    %ix/load 4, 1, 0;
    %flag_set/imm 4, 0;
    %shiftr 4;
    %store/vec4 v0000016af07e6260_0, 0, 25;
    %load/vec4 v0000016af07e6080_0;
    %addi 1, 0, 8;
    %store/vec4 v0000016af07e6080_0, 0, 8;
    %jmp T_0.9;
T_0.8 ;
T_0.10 ;
    %load/vec4 v0000016af07e6260_0;
    %parti/s 1, 23, 6;
    %pad/u 32;
    %cmpi/e 0, 0, 32;
    %flag_get/vec4 4;
    %jmp/0 T_0.12, 4;
    %pushi/vec4 0, 0, 32;
    %load/vec4 v0000016af07e6080_0;
    %pad/u 32;
    %cmp/u;
    %flag_get/vec4 5;
    %and;
T_0.12;
    %flag_set/vec4 8;
    %jmp/0xz T_0.11, 8;
    %load/vec4 v0000016af07e6260_0;
    %ix/load 4, 1, 0;
    %flag_set/imm 4, 0;
    %shiftl 4;
    %store/vec4 v0000016af07e6260_0, 0, 25;
    %load/vec4 v0000016af07e6080_0;
    %subi 1, 0, 8;
    %store/vec4 v0000016af07e6080_0, 0, 8;
    %jmp T_0.10;
T_0.11 ;
T_0.9 ;
    %load/vec4 v0000016af07ef1c0_0;
    %load/vec4 v0000016af07e6080_0;
    %concat/vec4; draw_concat_vec4
    %load/vec4 v0000016af07e6260_0;
    %parti/s 23, 0, 2;
    %concat/vec4; draw_concat_vec4
    %assign/vec4 v0000016af07ee310_0, 0;
    %load/vec4 v0000016af07e6080_0;
    %pushi/vec4 255, 0, 8;
    %cmp/e;
    %flag_get/vec4 4;
    %assign/vec4 v0000016af06d6ce0_0, 0;
T_0.1 ;
    %jmp T_0;
    .thread T_0;
# The file index is used to find the file name in the following table.
:file_names 3;
    "N/A";
    "<interactive>";
    "add_sub.v";
